<?xml version="1.0" encoding="UTF-8"?>
<testsuite name="org.springframework.samples.petclinic.owner.PetControllerTests" tests="6" skipped="0" failures="0" errors="0" timestamp="2023-05-17T16:24:21" hostname="DESKTOP-3O83C13" time="0.354">
  <properties/>
  <testcase name="testProcessCreationFormSuccess()" classname="org.springframework.samples.petclinic.owner.PetControllerTests" time="0.044"/>
  <testcase name="testProcessUpdateFormSuccess()" classname="org.springframework.samples.petclinic.owner.PetControllerTests" time="0.021"/>
  <testcase name="testInitUpdateForm()" classname="org.springframework.samples.petclinic.owner.PetControllerTests" time="0.145"/>
  <testcase name="testInitCreationForm()" classname="org.springframework.samples.petclinic.owner.PetControllerTests" time="0.035"/>
  <testcase name="testProcessCreationFormHasErrors()" classname="org.springframework.samples.petclinic.owner.PetControllerTests" time="0.045"/>
  <testcase name="testProcessUpdateFormHasErrors()" classname="org.springframework.samples.petclinic.owner.PetControllerTests" time="0.043"/>
  <system-out><![CDATA[2023-05-17 12:24:18.242  INFO 19892 --- [    Test worker] .b.t.a.w.s.WebMvcTestContextBootstrapper : Neither @ContextConfiguration nor @ContextHierarchy found for test class [org.springframework.samples.petclinic.owner.PetControllerTests], using SpringBootContextLoader
2023-05-17 12:24:18.244  INFO 19892 --- [    Test worker] o.s.t.c.support.AbstractContextLoader    : Could not detect default resource locations for test class [org.springframework.samples.petclinic.owner.PetControllerTests]: no resource found for suffixes {-context.xml, Context.groovy}.
2023-05-17 12:24:18.245  INFO 19892 --- [    Test worker] t.c.s.AnnotationConfigContextLoaderUtils : Could not detect default configuration classes for test class [org.springframework.samples.petclinic.owner.PetControllerTests]: PetControllerTests does not declare any static, non-private, non-final, nested classes annotated with @Configuration.
2023-05-17 12:24:18.270  INFO 19892 --- [    Test worker] .b.t.c.SpringBootTestContextBootstrapper : Found @SpringBootConfiguration org.springframework.samples.petclinic.PetClinicApplication for test class org.springframework.samples.petclinic.owner.PetControllerTests
2023-05-17 12:24:18.275  INFO 19892 --- [    Test worker] .b.t.a.w.s.WebMvcTestContextBootstrapper : Loaded default TestExecutionListener class names from location [META-INF/spring.factories]: [org.springframework.boot.test.autoconfigure.restdocs.RestDocsTestExecutionListener, org.springframework.boot.test.autoconfigure.web.client.MockRestServiceServerResetTestExecutionListener, org.springframework.boot.test.autoconfigure.web.servlet.MockMvcPrintOnlyOnFailureTestExecutionListener, org.springframework.boot.test.autoconfigure.web.servlet.WebDriverTestExecutionListener, org.springframework.boot.test.autoconfigure.webservices.client.MockWebServiceServerTestExecutionListener, org.springframework.boot.test.mock.mockito.MockitoTestExecutionListener, org.springframework.boot.test.mock.mockito.ResetMocksTestExecutionListener, org.springframework.test.context.web.ServletTestExecutionListener, org.springframework.test.context.support.DirtiesContextBeforeModesTestExecutionListener, org.springframework.test.context.event.ApplicationEventsTestExecutionListener, org.springframework.test.context.support.DependencyInjectionTestExecutionListener, org.springframework.test.context.support.DirtiesContextTestExecutionListener, org.springframework.test.context.transaction.TransactionalTestExecutionListener, org.springframework.test.context.jdbc.SqlScriptsTestExecutionListener, org.springframework.test.context.event.EventPublishingTestExecutionListener]
2023-05-17 12:24:18.278  INFO 19892 --- [    Test worker] .b.t.a.w.s.WebMvcTestContextBootstrapper : Using TestExecutionListeners: [org.springframework.test.context.web.ServletTestExecutionListener@7d97a1a0, org.springframework.test.context.support.DirtiesContextBeforeModesTestExecutionListener@7b4791d9, org.springframework.test.context.event.ApplicationEventsTestExecutionListener@70201785, org.springframework.boot.test.mock.mockito.MockitoTestExecutionListener@24c04958, org.springframework.boot.test.autoconfigure.SpringBootDependencyInjectionTestExecutionListener@649a76c1, org.springframework.test.context.support.DirtiesContextTestExecutionListener@2394fad2, org.springframework.test.context.transaction.TransactionalTestExecutionListener@53785d1a, org.springframework.test.context.jdbc.SqlScriptsTestExecutionListener@75d454a4, org.springframework.test.context.event.EventPublishingTestExecutionListener@42cf08a1, org.springframework.boot.test.autoconfigure.restdocs.RestDocsTestExecutionListener@46092840, org.springframework.boot.test.autoconfigure.web.client.MockRestServiceServerResetTestExecutionListener@57082d16, org.springframework.boot.test.autoconfigure.web.servlet.MockMvcPrintOnlyOnFailureTestExecutionListener@ae2227, org.springframework.boot.test.autoconfigure.web.servlet.WebDriverTestExecutionListener@3a1eb893, org.springframework.boot.test.autoconfigure.webservices.client.MockWebServiceServerTestExecutionListener@35daccb8, org.springframework.boot.test.mock.mockito.ResetMocksTestExecutionListener@23ac3788]


              |\      _,,,--,,_
             /,`.-'`'   ._  \-;;,_
  _______ __|,4-  ) )_   .;.(__`'-'__     ___ __    _ ___ _______
 |       | '---''(_/._)-'(_\_)   |   |   |   |  |  | |   |       |
 |    _  |    ___|_     _|       |   |   |   |   |_| |   |       | __ _ _
 |   |_| |   |___  |   | |       |   |   |   |       |   |       | \ \ \ \
 |    ___|    ___| |   | |      _|   |___|   |  _    |   |      _|  \ \ \ \
 |   |   |   |___  |   | |     |_|       |   | | |   |   |     |_    ) ) ) )
 |___|   |_______| |___| |_______|_______|___|_|  |__|___|_______|  / / / /
 ==================================================================/_/_/_/

:: Built with Spring Boot :: 2.6.6


2023-05-17 12:24:18.452  INFO 19892 --- [    Test worker] o.s.s.p.owner.PetControllerTests         : Starting PetControllerTests using Java 20.0.1 on DESKTOP-3O83C13 with PID 19892 (started by JoelM in C:\Users\JoelM\Documents\programacion\AWS\DevOps Foundations\practica\springpet-clinic)
2023-05-17 12:24:18.453  INFO 19892 --- [    Test worker] o.s.s.p.owner.PetControllerTests         : No active profile set, falling back to 1 default profile: "default"
2023-05-17 12:24:21.642  INFO 19892 --- [    Test worker] o.s.b.t.m.w.SpringBootMockServletContext : Initializing Spring TestDispatcherServlet ''
2023-05-17 12:24:21.642  INFO 19892 --- [    Test worker] o.s.t.web.servlet.TestDispatcherServlet  : Initializing Servlet ''
2023-05-17 12:24:21.643  INFO 19892 --- [    Test worker] o.s.t.web.servlet.TestDispatcherServlet  : Completed initialization in 1 ms
2023-05-17 12:24:21.694  INFO 19892 --- [    Test worker] o.s.s.p.owner.PetControllerTests         : Started PetControllerTests in 3.397 seconds (JVM running for 32.385)
]]></system-out>
  <system-err><![CDATA[]]></system-err>
</testsuite>
