<?xml version="1.0" encoding="UTF-8"?>
<testsuite name="org.springframework.samples.petclinic.PetClinicIntegrationTests" tests="2" skipped="0" failures="0" errors="0" timestamp="2023-05-17T16:24:10" hostname="DESKTOP-3O83C13" time="3.529">
  <properties/>
  <testcase name="testFindAll()" classname="org.springframework.samples.petclinic.PetClinicIntegrationTests" time="1.195"/>
  <testcase name="testOwnerDetails()" classname="org.springframework.samples.petclinic.PetClinicIntegrationTests" time="2.331"/>
  <system-out><![CDATA[12:23:52.425 [Test worker] DEBUG org.springframework.test.context.BootstrapUtils - Instantiating CacheAwareContextLoaderDelegate from class [org.springframework.test.context.cache.DefaultCacheAwareContextLoaderDelegate]
12:23:52.456 [Test worker] DEBUG org.springframework.test.context.BootstrapUtils - Instantiating BootstrapContext using constructor [public org.springframework.test.context.support.DefaultBootstrapContext(java.lang.Class,org.springframework.test.context.CacheAwareContextLoaderDelegate)]
12:23:52.541 [Test worker] DEBUG org.springframework.test.context.BootstrapUtils - Instantiating TestContextBootstrapper for test class [org.springframework.samples.petclinic.PetClinicIntegrationTests] from class [org.springframework.boot.test.context.SpringBootTestContextBootstrapper]
12:23:52.568 [Test worker] INFO org.springframework.boot.test.context.SpringBootTestContextBootstrapper - Neither @ContextConfiguration nor @ContextHierarchy found for test class [org.springframework.samples.petclinic.PetClinicIntegrationTests], using SpringBootContextLoader
12:23:52.581 [Test worker] DEBUG org.springframework.test.context.support.AbstractContextLoader - Did not detect default resource location for test class [org.springframework.samples.petclinic.PetClinicIntegrationTests]: class path resource [org/springframework/samples/petclinic/PetClinicIntegrationTests-context.xml] does not exist
12:23:52.581 [Test worker] DEBUG org.springframework.test.context.support.AbstractContextLoader - Did not detect default resource location for test class [org.springframework.samples.petclinic.PetClinicIntegrationTests]: class path resource [org/springframework/samples/petclinic/PetClinicIntegrationTestsContext.groovy] does not exist
12:23:52.582 [Test worker] INFO org.springframework.test.context.support.AbstractContextLoader - Could not detect default resource locations for test class [org.springframework.samples.petclinic.PetClinicIntegrationTests]: no resource found for suffixes {-context.xml, Context.groovy}.
12:23:52.583 [Test worker] INFO org.springframework.test.context.support.AnnotationConfigContextLoaderUtils - Could not detect default configuration classes for test class [org.springframework.samples.petclinic.PetClinicIntegrationTests]: PetClinicIntegrationTests does not declare any static, non-private, non-final, nested classes annotated with @Configuration.
12:23:52.710 [Test worker] DEBUG org.springframework.test.context.support.ActiveProfilesUtils - Could not find an 'annotation declaring class' for annotation type [org.springframework.test.context.ActiveProfiles] and class [org.springframework.samples.petclinic.PetClinicIntegrationTests]
12:23:52.819 [Test worker] DEBUG org.springframework.context.annotation.ClassPathScanningCandidateComponentProvider - Identified candidate component class: file [C:\Users\JoelM\Documents\programacion\AWS\DevOps Foundations\practica\springpet-clinic\build\classes\java\main\org\springframework\samples\petclinic\PetClinicApplication.class]
12:23:52.821 [Test worker] INFO org.springframework.boot.test.context.SpringBootTestContextBootstrapper - Found @SpringBootConfiguration org.springframework.samples.petclinic.PetClinicApplication for test class org.springframework.samples.petclinic.PetClinicIntegrationTests
12:23:53.087 [Test worker] DEBUG org.springframework.boot.test.context.SpringBootTestContextBootstrapper - @TestExecutionListeners is not present for class [org.springframework.samples.petclinic.PetClinicIntegrationTests]: using defaults.
12:23:53.088 [Test worker] INFO org.springframework.boot.test.context.SpringBootTestContextBootstrapper - Loaded default TestExecutionListener class names from location [META-INF/spring.factories]: [org.springframework.boot.test.autoconfigure.restdocs.RestDocsTestExecutionListener, org.springframework.boot.test.autoconfigure.web.client.MockRestServiceServerResetTestExecutionListener, org.springframework.boot.test.autoconfigure.web.servlet.MockMvcPrintOnlyOnFailureTestExecutionListener, org.springframework.boot.test.autoconfigure.web.servlet.WebDriverTestExecutionListener, org.springframework.boot.test.autoconfigure.webservices.client.MockWebServiceServerTestExecutionListener, org.springframework.boot.test.mock.mockito.MockitoTestExecutionListener, org.springframework.boot.test.mock.mockito.ResetMocksTestExecutionListener, org.springframework.test.context.web.ServletTestExecutionListener, org.springframework.test.context.support.DirtiesContextBeforeModesTestExecutionListener, org.springframework.test.context.event.ApplicationEventsTestExecutionListener, org.springframework.test.context.support.DependencyInjectionTestExecutionListener, org.springframework.test.context.support.DirtiesContextTestExecutionListener, org.springframework.test.context.transaction.TransactionalTestExecutionListener, org.springframework.test.context.jdbc.SqlScriptsTestExecutionListener, org.springframework.test.context.event.EventPublishingTestExecutionListener]
12:23:53.129 [Test worker] INFO org.springframework.boot.test.context.SpringBootTestContextBootstrapper - Using TestExecutionListeners: [org.springframework.test.context.web.ServletTestExecutionListener@37eeec90, org.springframework.test.context.support.DirtiesContextBeforeModesTestExecutionListener@32fe9d0a, org.springframework.test.context.event.ApplicationEventsTestExecutionListener@c9413d8, org.springframework.boot.test.mock.mockito.MockitoTestExecutionListener@64da2a7, org.springframework.boot.test.autoconfigure.SpringBootDependencyInjectionTestExecutionListener@46074492, org.springframework.test.context.support.DirtiesContextTestExecutionListener@d78795, org.springframework.test.context.transaction.TransactionalTestExecutionListener@2c715e84, org.springframework.test.context.jdbc.SqlScriptsTestExecutionListener@47428937, org.springframework.test.context.event.EventPublishingTestExecutionListener@3b9d6699, org.springframework.boot.test.autoconfigure.restdocs.RestDocsTestExecutionListener@7caa550, org.springframework.boot.test.autoconfigure.web.client.MockRestServiceServerResetTestExecutionListener@21694e53, org.springframework.boot.test.autoconfigure.web.servlet.MockMvcPrintOnlyOnFailureTestExecutionListener@72b16078, org.springframework.boot.test.autoconfigure.web.servlet.WebDriverTestExecutionListener@22c86919, org.springframework.boot.test.autoconfigure.webservices.client.MockWebServiceServerTestExecutionListener@70fab835, org.springframework.boot.test.mock.mockito.ResetMocksTestExecutionListener@1b0a7baf]
12:23:53.137 [Test worker] DEBUG org.springframework.test.context.support.AbstractDirtiesContextTestExecutionListener - Before test class: context [DefaultTestContext@1b11ef33 testClass = PetClinicIntegrationTests, testInstance = [null], testMethod = [null], testException = [null], mergedContextConfiguration = [WebMergedContextConfiguration@476aac9 testClass = PetClinicIntegrationTests, locations = '{}', classes = '{class org.springframework.samples.petclinic.PetClinicApplication}', contextInitializerClasses = '[]', activeProfiles = '{}', propertySourceLocations = '{}', propertySourceProperties = '{org.springframework.boot.test.context.SpringBootTestContextBootstrapper=true, server.port=0}', contextCustomizers = set[org.springframework.boot.test.autoconfigure.actuate.metrics.MetricsExportContextCustomizerFactory$DisableMetricExportContextCustomizer@4b45dcb8, org.springframework.boot.test.autoconfigure.properties.PropertyMappingContextCustomizer@0, org.springframework.boot.test.autoconfigure.web.servlet.WebDriverContextCustomizerFactory$Customizer@ebb6851, org.springframework.boot.test.context.filter.ExcludeFilterContextCustomizer@6f152006, org.springframework.boot.test.json.DuplicateJsonObjectContextCustomizerFactory$DuplicateJsonObjectContextCustomizer@7cbc3762, org.springframework.boot.test.mock.mockito.MockitoContextCustomizer@0, org.springframework.boot.test.web.client.TestRestTemplateContextCustomizer@2320fa6f, org.springframework.boot.test.context.SpringBootTestArgs@1, org.springframework.boot.test.context.SpringBootTestWebEnvironment@58695725], resourceBasePath = 'src/main/webapp', contextLoader = 'org.springframework.boot.test.context.SpringBootContextLoader', parent = [null]], attributes = map['org.springframework.test.context.web.ServletTestExecutionListener.activateListener' -> false]], class annotated with @DirtiesContext [false] with mode [null].
12:23:53.162 [Test worker] DEBUG org.springframework.test.context.support.DependencyInjectionTestExecutionListener - Performing dependency injection for test context [[DefaultTestContext@1b11ef33 testClass = PetClinicIntegrationTests, testInstance = org.springframework.samples.petclinic.PetClinicIntegrationTests@578524c3, testMethod = [null], testException = [null], mergedContextConfiguration = [WebMergedContextConfiguration@476aac9 testClass = PetClinicIntegrationTests, locations = '{}', classes = '{class org.springframework.samples.petclinic.PetClinicApplication}', contextInitializerClasses = '[]', activeProfiles = '{}', propertySourceLocations = '{}', propertySourceProperties = '{org.springframework.boot.test.context.SpringBootTestContextBootstrapper=true, server.port=0}', contextCustomizers = set[org.springframework.boot.test.autoconfigure.actuate.metrics.MetricsExportContextCustomizerFactory$DisableMetricExportContextCustomizer@4b45dcb8, org.springframework.boot.test.autoconfigure.properties.PropertyMappingContextCustomizer@0, org.springframework.boot.test.autoconfigure.web.servlet.WebDriverContextCustomizerFactory$Customizer@ebb6851, org.springframework.boot.test.context.filter.ExcludeFilterContextCustomizer@6f152006, org.springframework.boot.test.json.DuplicateJsonObjectContextCustomizerFactory$DuplicateJsonObjectContextCustomizer@7cbc3762, org.springframework.boot.test.mock.mockito.MockitoContextCustomizer@0, org.springframework.boot.test.web.client.TestRestTemplateContextCustomizer@2320fa6f, org.springframework.boot.test.context.SpringBootTestArgs@1, org.springframework.boot.test.context.SpringBootTestWebEnvironment@58695725], resourceBasePath = 'src/main/webapp', contextLoader = 'org.springframework.boot.test.context.SpringBootContextLoader', parent = [null]], attributes = map['org.springframework.test.context.web.ServletTestExecutionListener.activateListener' -> false, 'org.springframework.test.context.event.ApplicationEventsTestExecutionListener.recordApplicationEvents' -> false]]].


              |\      _,,,--,,_
             /,`.-'`'   ._  \-;;,_
  _______ __|,4-  ) )_   .;.(__`'-'__     ___ __    _ ___ _______
 |       | '---''(_/._)-'(_\_)   |   |   |   |  |  | |   |       |
 |    _  |    ___|_     _|       |   |   |   |   |_| |   |       | __ _ _
 |   |_| |   |___  |   | |       |   |   |   |       |   |       | \ \ \ \
 |    ___|    ___| |   | |      _|   |___|   |  _    |   |      _|  \ \ \ \
 |   |   |   |___  |   | |     |_|       |   | | |   |   |     |_    ) ) ) )
 |___|   |_______| |___| |_______|_______|___|_|  |__|___|_______|  / / / /
 ==================================================================/_/_/_/

:: Built with Spring Boot :: 2.6.6


2023-05-17 12:23:54.221  INFO 19892 --- [    Test worker] o.s.s.p.PetClinicIntegrationTests        : Starting PetClinicIntegrationTests using Java 20.0.1 on DESKTOP-3O83C13 with PID 19892 (started by JoelM in C:\Users\JoelM\Documents\programacion\AWS\DevOps Foundations\practica\springpet-clinic)
2023-05-17 12:23:54.237  INFO 19892 --- [    Test worker] o.s.s.p.PetClinicIntegrationTests        : No active profile set, falling back to 1 default profile: "default"
2023-05-17 12:23:56.621  INFO 19892 --- [    Test worker] .s.d.r.c.RepositoryConfigurationDelegate : Bootstrapping Spring Data JPA repositories in DEFAULT mode.
2023-05-17 12:23:56.758  INFO 19892 --- [    Test worker] .s.d.r.c.RepositoryConfigurationDelegate : Finished Spring Data repository scanning in 120 ms. Found 2 JPA repository interfaces.
2023-05-17 12:23:58.741  INFO 19892 --- [    Test worker] o.s.b.w.embedded.tomcat.TomcatWebServer  : Tomcat initialized with port(s): 0 (http)
2023-05-17 12:23:58.785  INFO 19892 --- [    Test worker] o.apache.catalina.core.StandardService   : Starting service [Tomcat]
2023-05-17 12:23:58.787  INFO 19892 --- [    Test worker] org.apache.catalina.core.StandardEngine  : Starting Servlet engine: [Apache Tomcat/9.0.60]
2023-05-17 12:23:59.160  INFO 19892 --- [    Test worker] o.a.c.c.C.[Tomcat].[localhost].[/]       : Initializing Spring embedded WebApplicationContext
2023-05-17 12:23:59.161  INFO 19892 --- [    Test worker] w.s.c.ServletWebServerApplicationContext : Root WebApplicationContext: initialization completed in 4868 ms
2023-05-17 12:24:00.275  INFO 19892 --- [    Test worker] com.zaxxer.hikari.HikariDataSource       : HikariPool-1 - Starting...
2023-05-17 12:24:00.705  INFO 19892 --- [    Test worker] com.zaxxer.hikari.HikariDataSource       : HikariPool-1 - Start completed.
2023-05-17 12:24:01.572  INFO 19892 --- [    Test worker] org.ehcache.core.EhcacheManager          : Cache 'vets' created in EhcacheManager.
2023-05-17 12:24:01.593  INFO 19892 --- [    Test worker] org.ehcache.jsr107.Eh107CacheManager     : Registering Ehcache MBean javax.cache:type=CacheStatistics,CacheManager=urn.X-ehcache.jsr107-default-config,Cache=vets
2023-05-17 12:24:01.623  INFO 19892 --- [    Test worker] org.ehcache.jsr107.Eh107CacheManager     : Registering Ehcache MBean javax.cache:type=CacheStatistics,CacheManager=urn.X-ehcache.jsr107-default-config,Cache=vets
2023-05-17 12:24:01.894  INFO 19892 --- [    Test worker] o.hibernate.jpa.internal.util.LogHelper  : HHH000204: Processing PersistenceUnitInfo [name: default]
2023-05-17 12:24:02.036  INFO 19892 --- [    Test worker] org.hibernate.Version                    : HHH000412: Hibernate ORM core version 5.6.7.Final
2023-05-17 12:24:02.500  INFO 19892 --- [    Test worker] o.hibernate.annotations.common.Version   : HCANN000001: Hibernate Commons Annotations {5.1.2.Final}
2023-05-17 12:24:02.925  INFO 19892 --- [    Test worker] org.hibernate.dialect.Dialect            : HHH000400: Using dialect: org.hibernate.dialect.H2Dialect
2023-05-17 12:24:04.997  INFO 19892 --- [    Test worker] o.h.e.t.j.p.i.JtaPlatformInitiator       : HHH000490: Using JtaPlatform implementation: [org.hibernate.engine.transaction.jta.platform.internal.NoJtaPlatform]
2023-05-17 12:24:05.019  INFO 19892 --- [    Test worker] j.LocalContainerEntityManagerFactoryBean : Initialized JPA EntityManagerFactory for persistence unit 'default'
2023-05-17 12:24:09.442  INFO 19892 --- [    Test worker] o.s.b.a.e.web.EndpointLinksResolver      : Exposing 13 endpoint(s) beneath base path '/actuator'
2023-05-17 12:24:10.065  INFO 19892 --- [    Test worker] o.s.b.w.embedded.tomcat.TomcatWebServer  : Tomcat started on port(s): 57404 (http) with context path ''
2023-05-17 12:24:10.111  INFO 19892 --- [    Test worker] o.s.s.p.PetClinicIntegrationTests        : Started PetClinicIntegrationTests in 16.885 seconds (JVM running for 20.803)
2023-05-17 12:24:11.834  INFO 19892 --- [o-auto-1-exec-1] o.a.c.c.C.[Tomcat].[localhost].[/]       : Initializing Spring DispatcherServlet 'dispatcherServlet'
2023-05-17 12:24:11.836  INFO 19892 --- [o-auto-1-exec-1] o.s.web.servlet.DispatcherServlet        : Initializing Servlet 'dispatcherServlet'
2023-05-17 12:24:11.843  INFO 19892 --- [o-auto-1-exec-1] o.s.web.servlet.DispatcherServlet        : Completed initialization in 7 ms
]]></system-out>
  <system-err><![CDATA[]]></system-err>
</testsuite>
