<?xml version="1.0" encoding="UTF-8"?>
<testsuite name="org.springframework.samples.petclinic.vet.VetControllerTests" tests="2" skipped="0" failures="0" errors="0" timestamp="2023-05-17T16:24:27" hostname="DESKTOP-3O83C13" time="0.247">
  <properties/>
  <testcase name="testShowVetListHtml()" classname="org.springframework.samples.petclinic.vet.VetControllerTests" time="0.074"/>
  <testcase name="testShowResourcesVetList()" classname="org.springframework.samples.petclinic.vet.VetControllerTests" time="0.171"/>
  <system-out><![CDATA[2023-05-17 12:24:26.059  INFO 19892 --- [    Test worker] .b.t.a.w.s.WebMvcTestContextBootstrapper : Neither @ContextConfiguration nor @ContextHierarchy found for test class [org.springframework.samples.petclinic.vet.VetControllerTests], using SpringBootContextLoader
2023-05-17 12:24:26.060  INFO 19892 --- [    Test worker] o.s.t.c.support.AbstractContextLoader    : Could not detect default resource locations for test class [org.springframework.samples.petclinic.vet.VetControllerTests]: no resource found for suffixes {-context.xml, Context.groovy}.
2023-05-17 12:24:26.060  INFO 19892 --- [    Test worker] t.c.s.AnnotationConfigContextLoaderUtils : Could not detect default configuration classes for test class [org.springframework.samples.petclinic.vet.VetControllerTests]: VetControllerTests does not declare any static, non-private, non-final, nested classes annotated with @Configuration.
2023-05-17 12:24:26.082  INFO 19892 --- [    Test worker] .b.t.c.SpringBootTestContextBootstrapper : Found @SpringBootConfiguration org.springframework.samples.petclinic.PetClinicApplication for test class org.springframework.samples.petclinic.vet.VetControllerTests
2023-05-17 12:24:26.084  INFO 19892 --- [    Test worker] .b.t.a.w.s.WebMvcTestContextBootstrapper : Loaded default TestExecutionListener class names from location [META-INF/spring.factories]: [org.springframework.boot.test.autoconfigure.restdocs.RestDocsTestExecutionListener, org.springframework.boot.test.autoconfigure.web.client.MockRestServiceServerResetTestExecutionListener, org.springframework.boot.test.autoconfigure.web.servlet.MockMvcPrintOnlyOnFailureTestExecutionListener, org.springframework.boot.test.autoconfigure.web.servlet.WebDriverTestExecutionListener, org.springframework.boot.test.autoconfigure.webservices.client.MockWebServiceServerTestExecutionListener, org.springframework.boot.test.mock.mockito.MockitoTestExecutionListener, org.springframework.boot.test.mock.mockito.ResetMocksTestExecutionListener, org.springframework.test.context.web.ServletTestExecutionListener, org.springframework.test.context.support.DirtiesContextBeforeModesTestExecutionListener, org.springframework.test.context.event.ApplicationEventsTestExecutionListener, org.springframework.test.context.support.DependencyInjectionTestExecutionListener, org.springframework.test.context.support.DirtiesContextTestExecutionListener, org.springframework.test.context.transaction.TransactionalTestExecutionListener, org.springframework.test.context.jdbc.SqlScriptsTestExecutionListener, org.springframework.test.context.event.EventPublishingTestExecutionListener]
2023-05-17 12:24:26.085  INFO 19892 --- [    Test worker] .b.t.a.w.s.WebMvcTestContextBootstrapper : Using TestExecutionListeners: [org.springframework.test.context.web.ServletTestExecutionListener@3c744de9, org.springframework.test.context.support.DirtiesContextBeforeModesTestExecutionListener@70efd6cf, org.springframework.test.context.event.ApplicationEventsTestExecutionListener@22d72c99, org.springframework.boot.test.mock.mockito.MockitoTestExecutionListener@7d3f7e4b, org.springframework.boot.test.autoconfigure.SpringBootDependencyInjectionTestExecutionListener@633a6f00, org.springframework.test.context.support.DirtiesContextTestExecutionListener@6d6d9406, org.springframework.test.context.transaction.TransactionalTestExecutionListener@7645ced6, org.springframework.test.context.jdbc.SqlScriptsTestExecutionListener@700e3b73, org.springframework.test.context.event.EventPublishingTestExecutionListener@40fc181d, org.springframework.boot.test.autoconfigure.restdocs.RestDocsTestExecutionListener@413069a0, org.springframework.boot.test.autoconfigure.web.client.MockRestServiceServerResetTestExecutionListener@19db3c2e, org.springframework.boot.test.autoconfigure.web.servlet.MockMvcPrintOnlyOnFailureTestExecutionListener@180f49c5, org.springframework.boot.test.autoconfigure.web.servlet.WebDriverTestExecutionListener@38138629, org.springframework.boot.test.autoconfigure.webservices.client.MockWebServiceServerTestExecutionListener@7a2c95e2, org.springframework.boot.test.mock.mockito.ResetMocksTestExecutionListener@3ad6ecc5]


              |\      _,,,--,,_
             /,`.-'`'   ._  \-;;,_
  _______ __|,4-  ) )_   .;.(__`'-'__     ___ __    _ ___ _______
 |       | '---''(_/._)-'(_\_)   |   |   |   |  |  | |   |       |
 |    _  |    ___|_     _|       |   |   |   |   |_| |   |       | __ _ _
 |   |_| |   |___  |   | |       |   |   |   |       |   |       | \ \ \ \
 |    ___|    ___| |   | |      _|   |___|   |  _    |   |      _|  \ \ \ \
 |   |   |   |___  |   | |     |_|       |   | | |   |   |     |_    ) ) ) )
 |___|   |_______| |___| |_______|_______|___|_|  |__|___|_______|  / / / /
 ==================================================================/_/_/_/

:: Built with Spring Boot :: 2.6.6


2023-05-17 12:24:26.125  INFO 19892 --- [    Test worker] o.s.s.petclinic.vet.VetControllerTests   : Starting VetControllerTests using Java 20.0.1 on DESKTOP-3O83C13 with PID 19892 (started by JoelM in C:\Users\JoelM\Documents\programacion\AWS\DevOps Foundations\practica\springpet-clinic)
2023-05-17 12:24:26.126  INFO 19892 --- [    Test worker] o.s.s.petclinic.vet.VetControllerTests   : No active profile set, falling back to 1 default profile: "default"
2023-05-17 12:24:27.689  INFO 19892 --- [    Test worker] o.s.b.t.m.w.SpringBootMockServletContext : Initializing Spring TestDispatcherServlet ''
2023-05-17 12:24:27.690  INFO 19892 --- [    Test worker] o.s.t.web.servlet.TestDispatcherServlet  : Initializing Servlet ''
2023-05-17 12:24:27.691  INFO 19892 --- [    Test worker] o.s.t.web.servlet.TestDispatcherServlet  : Completed initialization in 1 ms
2023-05-17 12:24:27.710  INFO 19892 --- [    Test worker] o.s.s.petclinic.vet.VetControllerTests   : Started VetControllerTests in 1.619 seconds (JVM running for 38.402)
]]></system-out>
  <system-err><![CDATA[]]></system-err>
</testsuite>
