<?xml version="1.0" encoding="UTF-8"?>
<testsuite name="org.springframework.samples.petclinic.service.ClinicServiceTests" tests="10" skipped="0" failures="0" errors="0" timestamp="2023-05-17T16:24:25" hostname="DESKTOP-3O83C13" time="0.375">
  <properties/>
  <testcase name="shouldFindVets()" classname="org.springframework.samples.petclinic.service.ClinicServiceTests" time="0.038"/>
  <testcase name="shouldFindOwnersByLastName()" classname="org.springframework.samples.petclinic.service.ClinicServiceTests" time="0.053"/>
  <testcase name="shouldAddNewVisitForPet()" classname="org.springframework.samples.petclinic.service.ClinicServiceTests" time="0.077"/>
  <testcase name="shouldUpdateOwner()" classname="org.springframework.samples.petclinic.service.ClinicServiceTests" time="0.055"/>
  <testcase name="shouldFindVisitsByPetId()" classname="org.springframework.samples.petclinic.service.ClinicServiceTests" time="0.031"/>
  <testcase name="shouldInsertPetIntoDatabaseAndGenerateId()" classname="org.springframework.samples.petclinic.service.ClinicServiceTests" time="0.037"/>
  <testcase name="shouldInsertOwner()" classname="org.springframework.samples.petclinic.service.ClinicServiceTests" time="0.02"/>
  <testcase name="shouldFindSingleOwnerWithPet()" classname="org.springframework.samples.petclinic.service.ClinicServiceTests" time="0.017"/>
  <testcase name="shouldUpdatePetName()" classname="org.springframework.samples.petclinic.service.ClinicServiceTests" time="0.021"/>
  <testcase name="shouldFindAllPetTypes()" classname="org.springframework.samples.petclinic.service.ClinicServiceTests" time="0.012"/>
  <system-out><![CDATA[2023-05-17 12:24:24.476  INFO 19892 --- [    Test worker] b.t.a.o.j.DataJpaTestContextBootstrapper : Neither @ContextConfiguration nor @ContextHierarchy found for test class [org.springframework.samples.petclinic.service.ClinicServiceTests], using SpringBootContextLoader
2023-05-17 12:24:24.478  INFO 19892 --- [    Test worker] o.s.t.c.support.AbstractContextLoader    : Could not detect default resource locations for test class [org.springframework.samples.petclinic.service.ClinicServiceTests]: no resource found for suffixes {-context.xml, Context.groovy}.
2023-05-17 12:24:24.479  INFO 19892 --- [    Test worker] t.c.s.AnnotationConfigContextLoaderUtils : Could not detect default configuration classes for test class [org.springframework.samples.petclinic.service.ClinicServiceTests]: ClinicServiceTests does not declare any static, non-private, non-final, nested classes annotated with @Configuration.
2023-05-17 12:24:24.511  INFO 19892 --- [    Test worker] .b.t.c.SpringBootTestContextBootstrapper : Found @SpringBootConfiguration org.springframework.samples.petclinic.PetClinicApplication for test class org.springframework.samples.petclinic.service.ClinicServiceTests
2023-05-17 12:24:24.514  INFO 19892 --- [    Test worker] b.t.a.o.j.DataJpaTestContextBootstrapper : Loaded default TestExecutionListener class names from location [META-INF/spring.factories]: [org.springframework.boot.test.autoconfigure.restdocs.RestDocsTestExecutionListener, org.springframework.boot.test.autoconfigure.web.client.MockRestServiceServerResetTestExecutionListener, org.springframework.boot.test.autoconfigure.web.servlet.MockMvcPrintOnlyOnFailureTestExecutionListener, org.springframework.boot.test.autoconfigure.web.servlet.WebDriverTestExecutionListener, org.springframework.boot.test.autoconfigure.webservices.client.MockWebServiceServerTestExecutionListener, org.springframework.boot.test.mock.mockito.MockitoTestExecutionListener, org.springframework.boot.test.mock.mockito.ResetMocksTestExecutionListener, org.springframework.test.context.web.ServletTestExecutionListener, org.springframework.test.context.support.DirtiesContextBeforeModesTestExecutionListener, org.springframework.test.context.event.ApplicationEventsTestExecutionListener, org.springframework.test.context.support.DependencyInjectionTestExecutionListener, org.springframework.test.context.support.DirtiesContextTestExecutionListener, org.springframework.test.context.transaction.TransactionalTestExecutionListener, org.springframework.test.context.jdbc.SqlScriptsTestExecutionListener, org.springframework.test.context.event.EventPublishingTestExecutionListener]
2023-05-17 12:24:24.515  INFO 19892 --- [    Test worker] b.t.a.o.j.DataJpaTestContextBootstrapper : Using TestExecutionListeners: [org.springframework.test.context.web.ServletTestExecutionListener@14170abd, org.springframework.test.context.support.DirtiesContextBeforeModesTestExecutionListener@5c2086b4, org.springframework.test.context.event.ApplicationEventsTestExecutionListener@31a8b0bb, org.springframework.boot.test.mock.mockito.MockitoTestExecutionListener@23c2c96d, org.springframework.boot.test.autoconfigure.SpringBootDependencyInjectionTestExecutionListener@fac6d4a, org.springframework.test.context.support.DirtiesContextTestExecutionListener@57e15f2d, org.springframework.test.context.transaction.TransactionalTestExecutionListener@23b81002, org.springframework.test.context.jdbc.SqlScriptsTestExecutionListener@16043cb9, org.springframework.test.context.event.EventPublishingTestExecutionListener@7aaec50e, org.springframework.boot.test.autoconfigure.restdocs.RestDocsTestExecutionListener@27ebe541, org.springframework.boot.test.autoconfigure.web.client.MockRestServiceServerResetTestExecutionListener@4430d9be, org.springframework.boot.test.autoconfigure.web.servlet.MockMvcPrintOnlyOnFailureTestExecutionListener@73e6d475, org.springframework.boot.test.autoconfigure.web.servlet.WebDriverTestExecutionListener@7f6cf9b2, org.springframework.boot.test.autoconfigure.webservices.client.MockWebServiceServerTestExecutionListener@7d5caf3, org.springframework.boot.test.mock.mockito.ResetMocksTestExecutionListener@456a0e9e]


              |\      _,,,--,,_
             /,`.-'`'   ._  \-;;,_
  _______ __|,4-  ) )_   .;.(__`'-'__     ___ __    _ ___ _______
 |       | '---''(_/._)-'(_\_)   |   |   |   |  |  | |   |       |
 |    _  |    ___|_     _|       |   |   |   |   |_| |   |       | __ _ _
 |   |_| |   |___  |   | |       |   |   |   |       |   |       | \ \ \ \
 |    ___|    ___| |   | |      _|   |___|   |  _    |   |      _|  \ \ \ \
 |   |   |   |___  |   | |     |_|       |   | | |   |   |     |_    ) ) ) )
 |___|   |_______| |___| |_______|_______|___|_|  |__|___|_______|  / / / /
 ==================================================================/_/_/_/

:: Built with Spring Boot :: 2.6.6


2023-05-17 12:24:24.617  INFO 19892 --- [    Test worker] o.s.s.p.service.ClinicServiceTests       : Starting ClinicServiceTests using Java 20.0.1 on DESKTOP-3O83C13 with PID 19892 (started by JoelM in C:\Users\JoelM\Documents\programacion\AWS\DevOps Foundations\practica\springpet-clinic)
2023-05-17 12:24:24.617  INFO 19892 --- [    Test worker] o.s.s.p.service.ClinicServiceTests       : No active profile set, falling back to 1 default profile: "default"
2023-05-17 12:24:24.855  INFO 19892 --- [    Test worker] .s.d.r.c.RepositoryConfigurationDelegate : Bootstrapping Spring Data JPA repositories in DEFAULT mode.
2023-05-17 12:24:24.897  INFO 19892 --- [    Test worker] .s.d.r.c.RepositoryConfigurationDelegate : Finished Spring Data repository scanning in 41 ms. Found 2 JPA repository interfaces.
2023-05-17 12:24:25.071  INFO 19892 --- [    Test worker] com.zaxxer.hikari.HikariDataSource       : HikariPool-2 - Starting...
2023-05-17 12:24:25.078  INFO 19892 --- [    Test worker] com.zaxxer.hikari.HikariDataSource       : HikariPool-2 - Start completed.
2023-05-17 12:24:25.249  INFO 19892 --- [    Test worker] o.hibernate.jpa.internal.util.LogHelper  : HHH000204: Processing PersistenceUnitInfo [name: default]
2023-05-17 12:24:25.282  INFO 19892 --- [    Test worker] org.hibernate.dialect.Dialect            : HHH000400: Using dialect: org.hibernate.dialect.H2Dialect
2023-05-17 12:24:25.463  INFO 19892 --- [    Test worker] o.h.e.t.j.p.i.JtaPlatformInitiator       : HHH000490: Using JtaPlatform implementation: [org.hibernate.engine.transaction.jta.platform.internal.NoJtaPlatform]
2023-05-17 12:24:25.463  INFO 19892 --- [    Test worker] j.LocalContainerEntityManagerFactoryBean : Initialized JPA EntityManagerFactory for persistence unit 'default'
2023-05-17 12:24:25.670  INFO 19892 --- [    Test worker] o.s.s.p.service.ClinicServiceTests       : Started ClinicServiceTests in 1.151 seconds (JVM running for 36.361)
2023-05-17 12:24:25.686  INFO 19892 --- [    Test worker] o.s.t.c.transaction.TransactionContext   : Began transaction (1) for test context [DefaultTestContext@49924fc6 testClass = ClinicServiceTests, testInstance = org.springframework.samples.petclinic.service.ClinicServiceTests@2a8b1e67, testMethod = shouldFindVets@ClinicServiceTests, testException = [null], mergedContextConfiguration = [MergedContextConfiguration@22e94cf2 testClass = ClinicServiceTests, locations = '{}', classes = '{class org.springframework.samples.petclinic.PetClinicApplication}', contextInitializerClasses = '[]', activeProfiles = '{}', propertySourceLocations = '{}', propertySourceProperties = '{org.springframework.boot.test.autoconfigure.orm.jpa.DataJpaTestContextBootstrapper=true}', contextCustomizers = set[org.springframework.boot.test.autoconfigure.OverrideAutoConfigurationContextCustomizerFactory$DisableAutoConfigurationContextCustomizer@25e01756, org.springframework.boot.test.autoconfigure.actuate.metrics.MetricsExportContextCustomizerFactory$DisableMetricExportContextCustomizer@4b45dcb8, org.springframework.boot.test.autoconfigure.filter.TypeExcludeFiltersContextCustomizer@80e17b70, org.springframework.boot.test.autoconfigure.properties.PropertyMappingContextCustomizer@8c50151e, org.springframework.boot.test.autoconfigure.web.servlet.WebDriverContextCustomizerFactory$Customizer@ebb6851, [ImportsContextCustomizer@56297b5f key = [org.springframework.boot.autoconfigure.cache.CacheAutoConfiguration, org.springframework.boot.autoconfigure.data.jpa.JpaRepositoriesAutoConfiguration, org.springframework.boot.autoconfigure.flyway.FlywayAutoConfiguration, org.springframework.boot.autoconfigure.jdbc.DataSourceAutoConfiguration, org.springframework.boot.autoconfigure.jdbc.DataSourceTransactionManagerAutoConfiguration, org.springframework.boot.autoconfigure.jdbc.JdbcTemplateAutoConfiguration, org.springframework.boot.autoconfigure.liquibase.LiquibaseAutoConfiguration, org.springframework.boot.autoconfigure.orm.jpa.HibernateJpaAutoConfiguration, org.springframework.boot.autoconfigure.sql.init.SqlInitializationAutoConfiguration, org.springframework.boot.autoconfigure.transaction.TransactionAutoConfiguration, org.springframework.boot.test.autoconfigure.jdbc.TestDatabaseAutoConfiguration, org.springframework.boot.test.autoconfigure.orm.jpa.TestEntityManagerAutoConfiguration]], org.springframework.boot.test.context.filter.ExcludeFilterContextCustomizer@6f152006, org.springframework.boot.test.json.DuplicateJsonObjectContextCustomizerFactory$DuplicateJsonObjectContextCustomizer@7cbc3762, org.springframework.boot.test.mock.mockito.MockitoContextCustomizer@0, org.springframework.boot.test.context.SpringBootTestArgs@1, org.springframework.boot.test.context.SpringBootTestWebEnvironment@0], contextLoader = 'org.springframework.boot.test.context.SpringBootContextLoader', parent = [null]], attributes = map['org.springframework.test.context.event.ApplicationEventsTestExecutionListener.recordApplicationEvents' -> false]]; transaction manager [org.springframework.orm.jpa.JpaTransactionManager@3415ecfe]; rollback [true]
Hibernate: select vet0_.id as id1_5_, vet0_.first_name as first_na2_5_, vet0_.last_name as last_nam3_5_ from vets vet0_
Hibernate: select specialtie0_.vet_id as vet_id1_4_0_, specialtie0_.specialty_id as specialt2_4_0_, specialty1_.id as id1_2_1_, specialty1_.name as name2_2_1_ from vet_specialties specialtie0_ inner join specialties specialty1_ on specialtie0_.specialty_id=specialty1_.id where specialtie0_.vet_id=?
Hibernate: select specialtie0_.vet_id as vet_id1_4_0_, specialtie0_.specialty_id as specialt2_4_0_, specialty1_.id as id1_2_1_, specialty1_.name as name2_2_1_ from vet_specialties specialtie0_ inner join specialties specialty1_ on specialtie0_.specialty_id=specialty1_.id where specialtie0_.vet_id=?
Hibernate: select specialtie0_.vet_id as vet_id1_4_0_, specialtie0_.specialty_id as specialt2_4_0_, specialty1_.id as id1_2_1_, specialty1_.name as name2_2_1_ from vet_specialties specialtie0_ inner join specialties specialty1_ on specialtie0_.specialty_id=specialty1_.id where specialtie0_.vet_id=?
Hibernate: select specialtie0_.vet_id as vet_id1_4_0_, specialtie0_.specialty_id as specialt2_4_0_, specialty1_.id as id1_2_1_, specialty1_.name as name2_2_1_ from vet_specialties specialtie0_ inner join specialties specialty1_ on specialtie0_.specialty_id=specialty1_.id where specialtie0_.vet_id=?
Hibernate: select specialtie0_.vet_id as vet_id1_4_0_, specialtie0_.specialty_id as specialt2_4_0_, specialty1_.id as id1_2_1_, specialty1_.name as name2_2_1_ from vet_specialties specialtie0_ inner join specialties specialty1_ on specialtie0_.specialty_id=specialty1_.id where specialtie0_.vet_id=?
Hibernate: select specialtie0_.vet_id as vet_id1_4_0_, specialtie0_.specialty_id as specialt2_4_0_, specialty1_.id as id1_2_1_, specialty1_.name as name2_2_1_ from vet_specialties specialtie0_ inner join specialties specialty1_ on specialtie0_.specialty_id=specialty1_.id where specialtie0_.vet_id=?
2023-05-17 12:24:25.715  INFO 19892 --- [    Test worker] o.s.t.c.transaction.TransactionContext   : Rolled back transaction for test: [DefaultTestContext@49924fc6 testClass = ClinicServiceTests, testInstance = org.springframework.samples.petclinic.service.ClinicServiceTests@2a8b1e67, testMethod = shouldFindVets@ClinicServiceTests, testException = [null], mergedContextConfiguration = [MergedContextConfiguration@22e94cf2 testClass = ClinicServiceTests, locations = '{}', classes = '{class org.springframework.samples.petclinic.PetClinicApplication}', contextInitializerClasses = '[]', activeProfiles = '{}', propertySourceLocations = '{}', propertySourceProperties = '{org.springframework.boot.test.autoconfigure.orm.jpa.DataJpaTestContextBootstrapper=true}', contextCustomizers = set[org.springframework.boot.test.autoconfigure.OverrideAutoConfigurationContextCustomizerFactory$DisableAutoConfigurationContextCustomizer@25e01756, org.springframework.boot.test.autoconfigure.actuate.metrics.MetricsExportContextCustomizerFactory$DisableMetricExportContextCustomizer@4b45dcb8, org.springframework.boot.test.autoconfigure.filter.TypeExcludeFiltersContextCustomizer@80e17b70, org.springframework.boot.test.autoconfigure.properties.PropertyMappingContextCustomizer@8c50151e, org.springframework.boot.test.autoconfigure.web.servlet.WebDriverContextCustomizerFactory$Customizer@ebb6851, [ImportsContextCustomizer@56297b5f key = [org.springframework.boot.autoconfigure.cache.CacheAutoConfiguration, org.springframework.boot.autoconfigure.data.jpa.JpaRepositoriesAutoConfiguration, org.springframework.boot.autoconfigure.flyway.FlywayAutoConfiguration, org.springframework.boot.autoconfigure.jdbc.DataSourceAutoConfiguration, org.springframework.boot.autoconfigure.jdbc.DataSourceTransactionManagerAutoConfiguration, org.springframework.boot.autoconfigure.jdbc.JdbcTemplateAutoConfiguration, org.springframework.boot.autoconfigure.liquibase.LiquibaseAutoConfiguration, org.springframework.boot.autoconfigure.orm.jpa.HibernateJpaAutoConfiguration, org.springframework.boot.autoconfigure.sql.init.SqlInitializationAutoConfiguration, org.springframework.boot.autoconfigure.transaction.TransactionAutoConfiguration, org.springframework.boot.test.autoconfigure.jdbc.TestDatabaseAutoConfiguration, org.springframework.boot.test.autoconfigure.orm.jpa.TestEntityManagerAutoConfiguration]], org.springframework.boot.test.context.filter.ExcludeFilterContextCustomizer@6f152006, org.springframework.boot.test.json.DuplicateJsonObjectContextCustomizerFactory$DuplicateJsonObjectContextCustomizer@7cbc3762, org.springframework.boot.test.mock.mockito.MockitoContextCustomizer@0, org.springframework.boot.test.context.SpringBootTestArgs@1, org.springframework.boot.test.context.SpringBootTestWebEnvironment@0], contextLoader = 'org.springframework.boot.test.context.SpringBootContextLoader', parent = [null]], attributes = map['org.springframework.test.context.event.ApplicationEventsTestExecutionListener.recordApplicationEvents' -> false]]
2023-05-17 12:24:25.719  INFO 19892 --- [    Test worker] o.s.t.c.transaction.TransactionContext   : Began transaction (1) for test context [DefaultTestContext@49924fc6 testClass = ClinicServiceTests, testInstance = org.springframework.samples.petclinic.service.ClinicServiceTests@2583418c, testMethod = shouldFindOwnersByLastName@ClinicServiceTests, testException = [null], mergedContextConfiguration = [MergedContextConfiguration@22e94cf2 testClass = ClinicServiceTests, locations = '{}', classes = '{class org.springframework.samples.petclinic.PetClinicApplication}', contextInitializerClasses = '[]', activeProfiles = '{}', propertySourceLocations = '{}', propertySourceProperties = '{org.springframework.boot.test.autoconfigure.orm.jpa.DataJpaTestContextBootstrapper=true}', contextCustomizers = set[org.springframework.boot.test.autoconfigure.OverrideAutoConfigurationContextCustomizerFactory$DisableAutoConfigurationContextCustomizer@25e01756, org.springframework.boot.test.autoconfigure.actuate.metrics.MetricsExportContextCustomizerFactory$DisableMetricExportContextCustomizer@4b45dcb8, org.springframework.boot.test.autoconfigure.filter.TypeExcludeFiltersContextCustomizer@80e17b70, org.springframework.boot.test.autoconfigure.properties.PropertyMappingContextCustomizer@8c50151e, org.springframework.boot.test.autoconfigure.web.servlet.WebDriverContextCustomizerFactory$Customizer@ebb6851, [ImportsContextCustomizer@56297b5f key = [org.springframework.boot.autoconfigure.cache.CacheAutoConfiguration, org.springframework.boot.autoconfigure.data.jpa.JpaRepositoriesAutoConfiguration, org.springframework.boot.autoconfigure.flyway.FlywayAutoConfiguration, org.springframework.boot.autoconfigure.jdbc.DataSourceAutoConfiguration, org.springframework.boot.autoconfigure.jdbc.DataSourceTransactionManagerAutoConfiguration, org.springframework.boot.autoconfigure.jdbc.JdbcTemplateAutoConfiguration, org.springframework.boot.autoconfigure.liquibase.LiquibaseAutoConfiguration, org.springframework.boot.autoconfigure.orm.jpa.HibernateJpaAutoConfiguration, org.springframework.boot.autoconfigure.sql.init.SqlInitializationAutoConfiguration, org.springframework.boot.autoconfigure.transaction.TransactionAutoConfiguration, org.springframework.boot.test.autoconfigure.jdbc.TestDatabaseAutoConfiguration, org.springframework.boot.test.autoconfigure.orm.jpa.TestEntityManagerAutoConfiguration]], org.springframework.boot.test.context.filter.ExcludeFilterContextCustomizer@6f152006, org.springframework.boot.test.json.DuplicateJsonObjectContextCustomizerFactory$DuplicateJsonObjectContextCustomizer@7cbc3762, org.springframework.boot.test.mock.mockito.MockitoContextCustomizer@0, org.springframework.boot.test.context.SpringBootTestArgs@1, org.springframework.boot.test.context.SpringBootTestWebEnvironment@0], contextLoader = 'org.springframework.boot.test.context.SpringBootContextLoader', parent = [null]], attributes = map['org.springframework.test.context.event.ApplicationEventsTestExecutionListener.recordApplicationEvents' -> false]]; transaction manager [org.springframework.orm.jpa.JpaTransactionManager@3415ecfe]; rollback [true]
Hibernate: select distinct owner0_.id as id1_0_, owner0_.first_name as first_na2_0_, owner0_.last_name as last_nam3_0_, owner0_.address as address4_0_, owner0_.city as city5_0_, owner0_.telephone as telephon6_0_ from owners owner0_ left outer join pets pets1_ on owner0_.id=pets1_.owner_id where owner0_.last_name like ?
Hibernate: select pets0_.owner_id as owner_id5_1_0_, pets0_.id as id1_1_0_, pets0_.id as id1_1_1_, pets0_.name as name2_1_1_, pets0_.birth_date as birth_da3_1_1_, pets0_.type_id as type_id4_1_1_, pettype1_.id as id1_3_2_, pettype1_.name as name2_3_2_ from pets pets0_ left outer join types pettype1_ on pets0_.type_id=pettype1_.id where pets0_.owner_id=? order by pets0_.name
Hibernate: select visits0_.pet_id as pet_id4_6_0_, visits0_.id as id1_6_0_, visits0_.id as id1_6_1_, visits0_.visit_date as visit_da2_6_1_, visits0_.description as descript3_6_1_ from visits visits0_ where visits0_.pet_id=? order by visits0_.visit_date asc
Hibernate: select pets0_.owner_id as owner_id5_1_0_, pets0_.id as id1_1_0_, pets0_.id as id1_1_1_, pets0_.name as name2_1_1_, pets0_.birth_date as birth_da3_1_1_, pets0_.type_id as type_id4_1_1_, pettype1_.id as id1_3_2_, pettype1_.name as name2_3_2_ from pets pets0_ left outer join types pettype1_ on pets0_.type_id=pettype1_.id where pets0_.owner_id=? order by pets0_.name
Hibernate: select visits0_.pet_id as pet_id4_6_0_, visits0_.id as id1_6_0_, visits0_.id as id1_6_1_, visits0_.visit_date as visit_da2_6_1_, visits0_.description as descript3_6_1_ from visits visits0_ where visits0_.pet_id=? order by visits0_.visit_date asc
Hibernate: select distinct owner0_.id as id1_0_, owner0_.first_name as first_na2_0_, owner0_.last_name as last_nam3_0_, owner0_.address as address4_0_, owner0_.city as city5_0_, owner0_.telephone as telephon6_0_ from owners owner0_ left outer join pets pets1_ on owner0_.id=pets1_.owner_id where owner0_.last_name like ?
2023-05-17 12:24:25.769  INFO 19892 --- [    Test worker] o.s.t.c.transaction.TransactionContext   : Rolled back transaction for test: [DefaultTestContext@49924fc6 testClass = ClinicServiceTests, testInstance = org.springframework.samples.petclinic.service.ClinicServiceTests@2583418c, testMethod = shouldFindOwnersByLastName@ClinicServiceTests, testException = [null], mergedContextConfiguration = [MergedContextConfiguration@22e94cf2 testClass = ClinicServiceTests, locations = '{}', classes = '{class org.springframework.samples.petclinic.PetClinicApplication}', contextInitializerClasses = '[]', activeProfiles = '{}', propertySourceLocations = '{}', propertySourceProperties = '{org.springframework.boot.test.autoconfigure.orm.jpa.DataJpaTestContextBootstrapper=true}', contextCustomizers = set[org.springframework.boot.test.autoconfigure.OverrideAutoConfigurationContextCustomizerFactory$DisableAutoConfigurationContextCustomizer@25e01756, org.springframework.boot.test.autoconfigure.actuate.metrics.MetricsExportContextCustomizerFactory$DisableMetricExportContextCustomizer@4b45dcb8, org.springframework.boot.test.autoconfigure.filter.TypeExcludeFiltersContextCustomizer@80e17b70, org.springframework.boot.test.autoconfigure.properties.PropertyMappingContextCustomizer@8c50151e, org.springframework.boot.test.autoconfigure.web.servlet.WebDriverContextCustomizerFactory$Customizer@ebb6851, [ImportsContextCustomizer@56297b5f key = [org.springframework.boot.autoconfigure.cache.CacheAutoConfiguration, org.springframework.boot.autoconfigure.data.jpa.JpaRepositoriesAutoConfiguration, org.springframework.boot.autoconfigure.flyway.FlywayAutoConfiguration, org.springframework.boot.autoconfigure.jdbc.DataSourceAutoConfiguration, org.springframework.boot.autoconfigure.jdbc.DataSourceTransactionManagerAutoConfiguration, org.springframework.boot.autoconfigure.jdbc.JdbcTemplateAutoConfiguration, org.springframework.boot.autoconfigure.liquibase.LiquibaseAutoConfiguration, org.springframework.boot.autoconfigure.orm.jpa.HibernateJpaAutoConfiguration, org.springframework.boot.autoconfigure.sql.init.SqlInitializationAutoConfiguration, org.springframework.boot.autoconfigure.transaction.TransactionAutoConfiguration, org.springframework.boot.test.autoconfigure.jdbc.TestDatabaseAutoConfiguration, org.springframework.boot.test.autoconfigure.orm.jpa.TestEntityManagerAutoConfiguration]], org.springframework.boot.test.context.filter.ExcludeFilterContextCustomizer@6f152006, org.springframework.boot.test.json.DuplicateJsonObjectContextCustomizerFactory$DuplicateJsonObjectContextCustomizer@7cbc3762, org.springframework.boot.test.mock.mockito.MockitoContextCustomizer@0, org.springframework.boot.test.context.SpringBootTestArgs@1, org.springframework.boot.test.context.SpringBootTestWebEnvironment@0], contextLoader = 'org.springframework.boot.test.context.SpringBootContextLoader', parent = [null]], attributes = map['org.springframework.test.context.event.ApplicationEventsTestExecutionListener.recordApplicationEvents' -> false]]
2023-05-17 12:24:25.776  INFO 19892 --- [    Test worker] o.s.t.c.transaction.TransactionContext   : Began transaction (1) for test context [DefaultTestContext@49924fc6 testClass = ClinicServiceTests, testInstance = org.springframework.samples.petclinic.service.ClinicServiceTests@3b5299a3, testMethod = shouldAddNewVisitForPet@ClinicServiceTests, testException = [null], mergedContextConfiguration = [MergedContextConfiguration@22e94cf2 testClass = ClinicServiceTests, locations = '{}', classes = '{class org.springframework.samples.petclinic.PetClinicApplication}', contextInitializerClasses = '[]', activeProfiles = '{}', propertySourceLocations = '{}', propertySourceProperties = '{org.springframework.boot.test.autoconfigure.orm.jpa.DataJpaTestContextBootstrapper=true}', contextCustomizers = set[org.springframework.boot.test.autoconfigure.OverrideAutoConfigurationContextCustomizerFactory$DisableAutoConfigurationContextCustomizer@25e01756, org.springframework.boot.test.autoconfigure.actuate.metrics.MetricsExportContextCustomizerFactory$DisableMetricExportContextCustomizer@4b45dcb8, org.springframework.boot.test.autoconfigure.filter.TypeExcludeFiltersContextCustomizer@80e17b70, org.springframework.boot.test.autoconfigure.properties.PropertyMappingContextCustomizer@8c50151e, org.springframework.boot.test.autoconfigure.web.servlet.WebDriverContextCustomizerFactory$Customizer@ebb6851, [ImportsContextCustomizer@56297b5f key = [org.springframework.boot.autoconfigure.cache.CacheAutoConfiguration, org.springframework.boot.autoconfigure.data.jpa.JpaRepositoriesAutoConfiguration, org.springframework.boot.autoconfigure.flyway.FlywayAutoConfiguration, org.springframework.boot.autoconfigure.jdbc.DataSourceAutoConfiguration, org.springframework.boot.autoconfigure.jdbc.DataSourceTransactionManagerAutoConfiguration, org.springframework.boot.autoconfigure.jdbc.JdbcTemplateAutoConfiguration, org.springframework.boot.autoconfigure.liquibase.LiquibaseAutoConfiguration, org.springframework.boot.autoconfigure.orm.jpa.HibernateJpaAutoConfiguration, org.springframework.boot.autoconfigure.sql.init.SqlInitializationAutoConfiguration, org.springframework.boot.autoconfigure.transaction.TransactionAutoConfiguration, org.springframework.boot.test.autoconfigure.jdbc.TestDatabaseAutoConfiguration, org.springframework.boot.test.autoconfigure.orm.jpa.TestEntityManagerAutoConfiguration]], org.springframework.boot.test.context.filter.ExcludeFilterContextCustomizer@6f152006, org.springframework.boot.test.json.DuplicateJsonObjectContextCustomizerFactory$DuplicateJsonObjectContextCustomizer@7cbc3762, org.springframework.boot.test.mock.mockito.MockitoContextCustomizer@0, org.springframework.boot.test.context.SpringBootTestArgs@1, org.springframework.boot.test.context.SpringBootTestWebEnvironment@0], contextLoader = 'org.springframework.boot.test.context.SpringBootContextLoader', parent = [null]], attributes = map['org.springframework.test.context.event.ApplicationEventsTestExecutionListener.recordApplicationEvents' -> false]]; transaction manager [org.springframework.orm.jpa.JpaTransactionManager@3415ecfe]; rollback [true]
Hibernate: select owner0_.id as id1_0_0_, pets1_.id as id1_1_1_, owner0_.first_name as first_na2_0_0_, owner0_.last_name as last_nam3_0_0_, owner0_.address as address4_0_0_, owner0_.city as city5_0_0_, owner0_.telephone as telephon6_0_0_, pets1_.name as name2_1_1_, pets1_.birth_date as birth_da3_1_1_, pets1_.type_id as type_id4_1_1_, pets1_.owner_id as owner_id5_1_0__, pets1_.id as id1_1_0__ from owners owner0_ left outer join pets pets1_ on owner0_.id=pets1_.owner_id where owner0_.id=? order by pets1_.name
Hibernate: select pettype0_.id as id1_3_0_, pettype0_.name as name2_3_0_ from types pettype0_ where pettype0_.id=?
Hibernate: select visits0_.pet_id as pet_id4_6_0_, visits0_.id as id1_6_0_, visits0_.id as id1_6_1_, visits0_.visit_date as visit_da2_6_1_, visits0_.description as descript3_6_1_ from visits visits0_ where visits0_.pet_id=? order by visits0_.visit_date asc
Hibernate: select visits0_.pet_id as pet_id4_6_0_, visits0_.id as id1_6_0_, visits0_.id as id1_6_1_, visits0_.visit_date as visit_da2_6_1_, visits0_.description as descript3_6_1_ from visits visits0_ where visits0_.pet_id=? order by visits0_.visit_date asc
Hibernate: insert into visits (id, visit_date, description) values (default, ?, ?)
Hibernate: select owner0_.id as id1_0_0_, pets1_.id as id1_1_1_, owner0_.first_name as first_na2_0_0_, owner0_.last_name as last_nam3_0_0_, owner0_.address as address4_0_0_, owner0_.city as city5_0_0_, owner0_.telephone as telephon6_0_0_, pets1_.name as name2_1_1_, pets1_.birth_date as birth_da3_1_1_, pets1_.type_id as type_id4_1_1_, pets1_.owner_id as owner_id5_1_0__, pets1_.id as id1_1_0__ from owners owner0_ left outer join pets pets1_ on owner0_.id=pets1_.owner_id where owner0_.id=? order by pets1_.name
2023-05-17 12:24:25.848  INFO 19892 --- [    Test worker] o.s.t.c.transaction.TransactionContext   : Rolled back transaction for test: [DefaultTestContext@49924fc6 testClass = ClinicServiceTests, testInstance = org.springframework.samples.petclinic.service.ClinicServiceTests@3b5299a3, testMethod = shouldAddNewVisitForPet@ClinicServiceTests, testException = [null], mergedContextConfiguration = [MergedContextConfiguration@22e94cf2 testClass = ClinicServiceTests, locations = '{}', classes = '{class org.springframework.samples.petclinic.PetClinicApplication}', contextInitializerClasses = '[]', activeProfiles = '{}', propertySourceLocations = '{}', propertySourceProperties = '{org.springframework.boot.test.autoconfigure.orm.jpa.DataJpaTestContextBootstrapper=true}', contextCustomizers = set[org.springframework.boot.test.autoconfigure.OverrideAutoConfigurationContextCustomizerFactory$DisableAutoConfigurationContextCustomizer@25e01756, org.springframework.boot.test.autoconfigure.actuate.metrics.MetricsExportContextCustomizerFactory$DisableMetricExportContextCustomizer@4b45dcb8, org.springframework.boot.test.autoconfigure.filter.TypeExcludeFiltersContextCustomizer@80e17b70, org.springframework.boot.test.autoconfigure.properties.PropertyMappingContextCustomizer@8c50151e, org.springframework.boot.test.autoconfigure.web.servlet.WebDriverContextCustomizerFactory$Customizer@ebb6851, [ImportsContextCustomizer@56297b5f key = [org.springframework.boot.autoconfigure.cache.CacheAutoConfiguration, org.springframework.boot.autoconfigure.data.jpa.JpaRepositoriesAutoConfiguration, org.springframework.boot.autoconfigure.flyway.FlywayAutoConfiguration, org.springframework.boot.autoconfigure.jdbc.DataSourceAutoConfiguration, org.springframework.boot.autoconfigure.jdbc.DataSourceTransactionManagerAutoConfiguration, org.springframework.boot.autoconfigure.jdbc.JdbcTemplateAutoConfiguration, org.springframework.boot.autoconfigure.liquibase.LiquibaseAutoConfiguration, org.springframework.boot.autoconfigure.orm.jpa.HibernateJpaAutoConfiguration, org.springframework.boot.autoconfigure.sql.init.SqlInitializationAutoConfiguration, org.springframework.boot.autoconfigure.transaction.TransactionAutoConfiguration, org.springframework.boot.test.autoconfigure.jdbc.TestDatabaseAutoConfiguration, org.springframework.boot.test.autoconfigure.orm.jpa.TestEntityManagerAutoConfiguration]], org.springframework.boot.test.context.filter.ExcludeFilterContextCustomizer@6f152006, org.springframework.boot.test.json.DuplicateJsonObjectContextCustomizerFactory$DuplicateJsonObjectContextCustomizer@7cbc3762, org.springframework.boot.test.mock.mockito.MockitoContextCustomizer@0, org.springframework.boot.test.context.SpringBootTestArgs@1, org.springframework.boot.test.context.SpringBootTestWebEnvironment@0], contextLoader = 'org.springframework.boot.test.context.SpringBootContextLoader', parent = [null]], attributes = map['org.springframework.test.context.event.ApplicationEventsTestExecutionListener.recordApplicationEvents' -> false]]
2023-05-17 12:24:25.853  INFO 19892 --- [    Test worker] o.s.t.c.transaction.TransactionContext   : Began transaction (1) for test context [DefaultTestContext@49924fc6 testClass = ClinicServiceTests, testInstance = org.springframework.samples.petclinic.service.ClinicServiceTests@321f97d9, testMethod = shouldUpdateOwner@ClinicServiceTests, testException = [null], mergedContextConfiguration = [MergedContextConfiguration@22e94cf2 testClass = ClinicServiceTests, locations = '{}', classes = '{class org.springframework.samples.petclinic.PetClinicApplication}', contextInitializerClasses = '[]', activeProfiles = '{}', propertySourceLocations = '{}', propertySourceProperties = '{org.springframework.boot.test.autoconfigure.orm.jpa.DataJpaTestContextBootstrapper=true}', contextCustomizers = set[org.springframework.boot.test.autoconfigure.OverrideAutoConfigurationContextCustomizerFactory$DisableAutoConfigurationContextCustomizer@25e01756, org.springframework.boot.test.autoconfigure.actuate.metrics.MetricsExportContextCustomizerFactory$DisableMetricExportContextCustomizer@4b45dcb8, org.springframework.boot.test.autoconfigure.filter.TypeExcludeFiltersContextCustomizer@80e17b70, org.springframework.boot.test.autoconfigure.properties.PropertyMappingContextCustomizer@8c50151e, org.springframework.boot.test.autoconfigure.web.servlet.WebDriverContextCustomizerFactory$Customizer@ebb6851, [ImportsContextCustomizer@56297b5f key = [org.springframework.boot.autoconfigure.cache.CacheAutoConfiguration, org.springframework.boot.autoconfigure.data.jpa.JpaRepositoriesAutoConfiguration, org.springframework.boot.autoconfigure.flyway.FlywayAutoConfiguration, org.springframework.boot.autoconfigure.jdbc.DataSourceAutoConfiguration, org.springframework.boot.autoconfigure.jdbc.DataSourceTransactionManagerAutoConfiguration, org.springframework.boot.autoconfigure.jdbc.JdbcTemplateAutoConfiguration, org.springframework.boot.autoconfigure.liquibase.LiquibaseAutoConfiguration, org.springframework.boot.autoconfigure.orm.jpa.HibernateJpaAutoConfiguration, org.springframework.boot.autoconfigure.sql.init.SqlInitializationAutoConfiguration, org.springframework.boot.autoconfigure.transaction.TransactionAutoConfiguration, org.springframework.boot.test.autoconfigure.jdbc.TestDatabaseAutoConfiguration, org.springframework.boot.test.autoconfigure.orm.jpa.TestEntityManagerAutoConfiguration]], org.springframework.boot.test.context.filter.ExcludeFilterContextCustomizer@6f152006, org.springframework.boot.test.json.DuplicateJsonObjectContextCustomizerFactory$DuplicateJsonObjectContextCustomizer@7cbc3762, org.springframework.boot.test.mock.mockito.MockitoContextCustomizer@0, org.springframework.boot.test.context.SpringBootTestArgs@1, org.springframework.boot.test.context.SpringBootTestWebEnvironment@0], contextLoader = 'org.springframework.boot.test.context.SpringBootContextLoader', parent = [null]], attributes = map['org.springframework.test.context.event.ApplicationEventsTestExecutionListener.recordApplicationEvents' -> false]]; transaction manager [org.springframework.orm.jpa.JpaTransactionManager@3415ecfe]; rollback [true]
Hibernate: select owner0_.id as id1_0_0_, pets1_.id as id1_1_1_, owner0_.first_name as first_na2_0_0_, owner0_.last_name as last_nam3_0_0_, owner0_.address as address4_0_0_, owner0_.city as city5_0_0_, owner0_.telephone as telephon6_0_0_, pets1_.name as name2_1_1_, pets1_.birth_date as birth_da3_1_1_, pets1_.type_id as type_id4_1_1_, pets1_.owner_id as owner_id5_1_0__, pets1_.id as id1_1_0__ from owners owner0_ left outer join pets pets1_ on owner0_.id=pets1_.owner_id where owner0_.id=? order by pets1_.name
Hibernate: select pettype0_.id as id1_3_0_, pettype0_.name as name2_3_0_ from types pettype0_ where pettype0_.id=?
Hibernate: select visits0_.pet_id as pet_id4_6_0_, visits0_.id as id1_6_0_, visits0_.id as id1_6_1_, visits0_.visit_date as visit_da2_6_1_, visits0_.description as descript3_6_1_ from visits visits0_ where visits0_.pet_id=? order by visits0_.visit_date asc
Hibernate: update owners set first_name=?, last_name=?, address=?, city=?, telephone=? where id=?
Hibernate: select owner0_.id as id1_0_0_, pets1_.id as id1_1_1_, owner0_.first_name as first_na2_0_0_, owner0_.last_name as last_nam3_0_0_, owner0_.address as address4_0_0_, owner0_.city as city5_0_0_, owner0_.telephone as telephon6_0_0_, pets1_.name as name2_1_1_, pets1_.birth_date as birth_da3_1_1_, pets1_.type_id as type_id4_1_1_, pets1_.owner_id as owner_id5_1_0__, pets1_.id as id1_1_0__ from owners owner0_ left outer join pets pets1_ on owner0_.id=pets1_.owner_id where owner0_.id=? order by pets1_.name
2023-05-17 12:24:25.905  INFO 19892 --- [    Test worker] o.s.t.c.transaction.TransactionContext   : Rolled back transaction for test: [DefaultTestContext@49924fc6 testClass = ClinicServiceTests, testInstance = org.springframework.samples.petclinic.service.ClinicServiceTests@321f97d9, testMethod = shouldUpdateOwner@ClinicServiceTests, testException = [null], mergedContextConfiguration = [MergedContextConfiguration@22e94cf2 testClass = ClinicServiceTests, locations = '{}', classes = '{class org.springframework.samples.petclinic.PetClinicApplication}', contextInitializerClasses = '[]', activeProfiles = '{}', propertySourceLocations = '{}', propertySourceProperties = '{org.springframework.boot.test.autoconfigure.orm.jpa.DataJpaTestContextBootstrapper=true}', contextCustomizers = set[org.springframework.boot.test.autoconfigure.OverrideAutoConfigurationContextCustomizerFactory$DisableAutoConfigurationContextCustomizer@25e01756, org.springframework.boot.test.autoconfigure.actuate.metrics.MetricsExportContextCustomizerFactory$DisableMetricExportContextCustomizer@4b45dcb8, org.springframework.boot.test.autoconfigure.filter.TypeExcludeFiltersContextCustomizer@80e17b70, org.springframework.boot.test.autoconfigure.properties.PropertyMappingContextCustomizer@8c50151e, org.springframework.boot.test.autoconfigure.web.servlet.WebDriverContextCustomizerFactory$Customizer@ebb6851, [ImportsContextCustomizer@56297b5f key = [org.springframework.boot.autoconfigure.cache.CacheAutoConfiguration, org.springframework.boot.autoconfigure.data.jpa.JpaRepositoriesAutoConfiguration, org.springframework.boot.autoconfigure.flyway.FlywayAutoConfiguration, org.springframework.boot.autoconfigure.jdbc.DataSourceAutoConfiguration, org.springframework.boot.autoconfigure.jdbc.DataSourceTransactionManagerAutoConfiguration, org.springframework.boot.autoconfigure.jdbc.JdbcTemplateAutoConfiguration, org.springframework.boot.autoconfigure.liquibase.LiquibaseAutoConfiguration, org.springframework.boot.autoconfigure.orm.jpa.HibernateJpaAutoConfiguration, org.springframework.boot.autoconfigure.sql.init.SqlInitializationAutoConfiguration, org.springframework.boot.autoconfigure.transaction.TransactionAutoConfiguration, org.springframework.boot.test.autoconfigure.jdbc.TestDatabaseAutoConfiguration, org.springframework.boot.test.autoconfigure.orm.jpa.TestEntityManagerAutoConfiguration]], org.springframework.boot.test.context.filter.ExcludeFilterContextCustomizer@6f152006, org.springframework.boot.test.json.DuplicateJsonObjectContextCustomizerFactory$DuplicateJsonObjectContextCustomizer@7cbc3762, org.springframework.boot.test.mock.mockito.MockitoContextCustomizer@0, org.springframework.boot.test.context.SpringBootTestArgs@1, org.springframework.boot.test.context.SpringBootTestWebEnvironment@0], contextLoader = 'org.springframework.boot.test.context.SpringBootContextLoader', parent = [null]], attributes = map['org.springframework.test.context.event.ApplicationEventsTestExecutionListener.recordApplicationEvents' -> false]]
2023-05-17 12:24:25.911  INFO 19892 --- [    Test worker] o.s.t.c.transaction.TransactionContext   : Began transaction (1) for test context [DefaultTestContext@49924fc6 testClass = ClinicServiceTests, testInstance = org.springframework.samples.petclinic.service.ClinicServiceTests@28a4ac78, testMethod = shouldFindVisitsByPetId@ClinicServiceTests, testException = [null], mergedContextConfiguration = [MergedContextConfiguration@22e94cf2 testClass = ClinicServiceTests, locations = '{}', classes = '{class org.springframework.samples.petclinic.PetClinicApplication}', contextInitializerClasses = '[]', activeProfiles = '{}', propertySourceLocations = '{}', propertySourceProperties = '{org.springframework.boot.test.autoconfigure.orm.jpa.DataJpaTestContextBootstrapper=true}', contextCustomizers = set[org.springframework.boot.test.autoconfigure.OverrideAutoConfigurationContextCustomizerFactory$DisableAutoConfigurationContextCustomizer@25e01756, org.springframework.boot.test.autoconfigure.actuate.metrics.MetricsExportContextCustomizerFactory$DisableMetricExportContextCustomizer@4b45dcb8, org.springframework.boot.test.autoconfigure.filter.TypeExcludeFiltersContextCustomizer@80e17b70, org.springframework.boot.test.autoconfigure.properties.PropertyMappingContextCustomizer@8c50151e, org.springframework.boot.test.autoconfigure.web.servlet.WebDriverContextCustomizerFactory$Customizer@ebb6851, [ImportsContextCustomizer@56297b5f key = [org.springframework.boot.autoconfigure.cache.CacheAutoConfiguration, org.springframework.boot.autoconfigure.data.jpa.JpaRepositoriesAutoConfiguration, org.springframework.boot.autoconfigure.flyway.FlywayAutoConfiguration, org.springframework.boot.autoconfigure.jdbc.DataSourceAutoConfiguration, org.springframework.boot.autoconfigure.jdbc.DataSourceTransactionManagerAutoConfiguration, org.springframework.boot.autoconfigure.jdbc.JdbcTemplateAutoConfiguration, org.springframework.boot.autoconfigure.liquibase.LiquibaseAutoConfiguration, org.springframework.boot.autoconfigure.orm.jpa.HibernateJpaAutoConfiguration, org.springframework.boot.autoconfigure.sql.init.SqlInitializationAutoConfiguration, org.springframework.boot.autoconfigure.transaction.TransactionAutoConfiguration, org.springframework.boot.test.autoconfigure.jdbc.TestDatabaseAutoConfiguration, org.springframework.boot.test.autoconfigure.orm.jpa.TestEntityManagerAutoConfiguration]], org.springframework.boot.test.context.filter.ExcludeFilterContextCustomizer@6f152006, org.springframework.boot.test.json.DuplicateJsonObjectContextCustomizerFactory$DuplicateJsonObjectContextCustomizer@7cbc3762, org.springframework.boot.test.mock.mockito.MockitoContextCustomizer@0, org.springframework.boot.test.context.SpringBootTestArgs@1, org.springframework.boot.test.context.SpringBootTestWebEnvironment@0], contextLoader = 'org.springframework.boot.test.context.SpringBootContextLoader', parent = [null]], attributes = map['org.springframework.test.context.event.ApplicationEventsTestExecutionListener.recordApplicationEvents' -> false]]; transaction manager [org.springframework.orm.jpa.JpaTransactionManager@3415ecfe]; rollback [true]
Hibernate: select owner0_.id as id1_0_0_, pets1_.id as id1_1_1_, owner0_.first_name as first_na2_0_0_, owner0_.last_name as last_nam3_0_0_, owner0_.address as address4_0_0_, owner0_.city as city5_0_0_, owner0_.telephone as telephon6_0_0_, pets1_.name as name2_1_1_, pets1_.birth_date as birth_da3_1_1_, pets1_.type_id as type_id4_1_1_, pets1_.owner_id as owner_id5_1_0__, pets1_.id as id1_1_0__ from owners owner0_ left outer join pets pets1_ on owner0_.id=pets1_.owner_id where owner0_.id=? order by pets1_.name
Hibernate: select pettype0_.id as id1_3_0_, pettype0_.name as name2_3_0_ from types pettype0_ where pettype0_.id=?
Hibernate: select visits0_.pet_id as pet_id4_6_0_, visits0_.id as id1_6_0_, visits0_.id as id1_6_1_, visits0_.visit_date as visit_da2_6_1_, visits0_.description as descript3_6_1_ from visits visits0_ where visits0_.pet_id=? order by visits0_.visit_date asc
Hibernate: select visits0_.pet_id as pet_id4_6_0_, visits0_.id as id1_6_0_, visits0_.id as id1_6_1_, visits0_.visit_date as visit_da2_6_1_, visits0_.description as descript3_6_1_ from visits visits0_ where visits0_.pet_id=? order by visits0_.visit_date asc
2023-05-17 12:24:25.938  INFO 19892 --- [    Test worker] o.s.t.c.transaction.TransactionContext   : Rolled back transaction for test: [DefaultTestContext@49924fc6 testClass = ClinicServiceTests, testInstance = org.springframework.samples.petclinic.service.ClinicServiceTests@28a4ac78, testMethod = shouldFindVisitsByPetId@ClinicServiceTests, testException = [null], mergedContextConfiguration = [MergedContextConfiguration@22e94cf2 testClass = ClinicServiceTests, locations = '{}', classes = '{class org.springframework.samples.petclinic.PetClinicApplication}', contextInitializerClasses = '[]', activeProfiles = '{}', propertySourceLocations = '{}', propertySourceProperties = '{org.springframework.boot.test.autoconfigure.orm.jpa.DataJpaTestContextBootstrapper=true}', contextCustomizers = set[org.springframework.boot.test.autoconfigure.OverrideAutoConfigurationContextCustomizerFactory$DisableAutoConfigurationContextCustomizer@25e01756, org.springframework.boot.test.autoconfigure.actuate.metrics.MetricsExportContextCustomizerFactory$DisableMetricExportContextCustomizer@4b45dcb8, org.springframework.boot.test.autoconfigure.filter.TypeExcludeFiltersContextCustomizer@80e17b70, org.springframework.boot.test.autoconfigure.properties.PropertyMappingContextCustomizer@8c50151e, org.springframework.boot.test.autoconfigure.web.servlet.WebDriverContextCustomizerFactory$Customizer@ebb6851, [ImportsContextCustomizer@56297b5f key = [org.springframework.boot.autoconfigure.cache.CacheAutoConfiguration, org.springframework.boot.autoconfigure.data.jpa.JpaRepositoriesAutoConfiguration, org.springframework.boot.autoconfigure.flyway.FlywayAutoConfiguration, org.springframework.boot.autoconfigure.jdbc.DataSourceAutoConfiguration, org.springframework.boot.autoconfigure.jdbc.DataSourceTransactionManagerAutoConfiguration, org.springframework.boot.autoconfigure.jdbc.JdbcTemplateAutoConfiguration, org.springframework.boot.autoconfigure.liquibase.LiquibaseAutoConfiguration, org.springframework.boot.autoconfigure.orm.jpa.HibernateJpaAutoConfiguration, org.springframework.boot.autoconfigure.sql.init.SqlInitializationAutoConfiguration, org.springframework.boot.autoconfigure.transaction.TransactionAutoConfiguration, org.springframework.boot.test.autoconfigure.jdbc.TestDatabaseAutoConfiguration, org.springframework.boot.test.autoconfigure.orm.jpa.TestEntityManagerAutoConfiguration]], org.springframework.boot.test.context.filter.ExcludeFilterContextCustomizer@6f152006, org.springframework.boot.test.json.DuplicateJsonObjectContextCustomizerFactory$DuplicateJsonObjectContextCustomizer@7cbc3762, org.springframework.boot.test.mock.mockito.MockitoContextCustomizer@0, org.springframework.boot.test.context.SpringBootTestArgs@1, org.springframework.boot.test.context.SpringBootTestWebEnvironment@0], contextLoader = 'org.springframework.boot.test.context.SpringBootContextLoader', parent = [null]], attributes = map['org.springframework.test.context.event.ApplicationEventsTestExecutionListener.recordApplicationEvents' -> false]]
2023-05-17 12:24:25.941  INFO 19892 --- [    Test worker] o.s.t.c.transaction.TransactionContext   : Began transaction (1) for test context [DefaultTestContext@49924fc6 testClass = ClinicServiceTests, testInstance = org.springframework.samples.petclinic.service.ClinicServiceTests@c9f9fe3, testMethod = shouldInsertPetIntoDatabaseAndGenerateId@ClinicServiceTests, testException = [null], mergedContextConfiguration = [MergedContextConfiguration@22e94cf2 testClass = ClinicServiceTests, locations = '{}', classes = '{class org.springframework.samples.petclinic.PetClinicApplication}', contextInitializerClasses = '[]', activeProfiles = '{}', propertySourceLocations = '{}', propertySourceProperties = '{org.springframework.boot.test.autoconfigure.orm.jpa.DataJpaTestContextBootstrapper=true}', contextCustomizers = set[org.springframework.boot.test.autoconfigure.OverrideAutoConfigurationContextCustomizerFactory$DisableAutoConfigurationContextCustomizer@25e01756, org.springframework.boot.test.autoconfigure.actuate.metrics.MetricsExportContextCustomizerFactory$DisableMetricExportContextCustomizer@4b45dcb8, org.springframework.boot.test.autoconfigure.filter.TypeExcludeFiltersContextCustomizer@80e17b70, org.springframework.boot.test.autoconfigure.properties.PropertyMappingContextCustomizer@8c50151e, org.springframework.boot.test.autoconfigure.web.servlet.WebDriverContextCustomizerFactory$Customizer@ebb6851, [ImportsContextCustomizer@56297b5f key = [org.springframework.boot.autoconfigure.cache.CacheAutoConfiguration, org.springframework.boot.autoconfigure.data.jpa.JpaRepositoriesAutoConfiguration, org.springframework.boot.autoconfigure.flyway.FlywayAutoConfiguration, org.springframework.boot.autoconfigure.jdbc.DataSourceAutoConfiguration, org.springframework.boot.autoconfigure.jdbc.DataSourceTransactionManagerAutoConfiguration, org.springframework.boot.autoconfigure.jdbc.JdbcTemplateAutoConfiguration, org.springframework.boot.autoconfigure.liquibase.LiquibaseAutoConfiguration, org.springframework.boot.autoconfigure.orm.jpa.HibernateJpaAutoConfiguration, org.springframework.boot.autoconfigure.sql.init.SqlInitializationAutoConfiguration, org.springframework.boot.autoconfigure.transaction.TransactionAutoConfiguration, org.springframework.boot.test.autoconfigure.jdbc.TestDatabaseAutoConfiguration, org.springframework.boot.test.autoconfigure.orm.jpa.TestEntityManagerAutoConfiguration]], org.springframework.boot.test.context.filter.ExcludeFilterContextCustomizer@6f152006, org.springframework.boot.test.json.DuplicateJsonObjectContextCustomizerFactory$DuplicateJsonObjectContextCustomizer@7cbc3762, org.springframework.boot.test.mock.mockito.MockitoContextCustomizer@0, org.springframework.boot.test.context.SpringBootTestArgs@1, org.springframework.boot.test.context.SpringBootTestWebEnvironment@0], contextLoader = 'org.springframework.boot.test.context.SpringBootContextLoader', parent = [null]], attributes = map['org.springframework.test.context.event.ApplicationEventsTestExecutionListener.recordApplicationEvents' -> false]]; transaction manager [org.springframework.orm.jpa.JpaTransactionManager@3415ecfe]; rollback [true]
Hibernate: select owner0_.id as id1_0_0_, pets1_.id as id1_1_1_, owner0_.first_name as first_na2_0_0_, owner0_.last_name as last_nam3_0_0_, owner0_.address as address4_0_0_, owner0_.city as city5_0_0_, owner0_.telephone as telephon6_0_0_, pets1_.name as name2_1_1_, pets1_.birth_date as birth_da3_1_1_, pets1_.type_id as type_id4_1_1_, pets1_.owner_id as owner_id5_1_0__, pets1_.id as id1_1_0__ from owners owner0_ left outer join pets pets1_ on owner0_.id=pets1_.owner_id where owner0_.id=? order by pets1_.name
Hibernate: select pettype0_.id as id1_3_0_, pettype0_.name as name2_3_0_ from types pettype0_ where pettype0_.id=?
Hibernate: select visits0_.pet_id as pet_id4_6_0_, visits0_.id as id1_6_0_, visits0_.id as id1_6_1_, visits0_.visit_date as visit_da2_6_1_, visits0_.description as descript3_6_1_ from visits visits0_ where visits0_.pet_id=? order by visits0_.visit_date asc
Hibernate: select visits0_.pet_id as pet_id4_6_0_, visits0_.id as id1_6_0_, visits0_.id as id1_6_1_, visits0_.visit_date as visit_da2_6_1_, visits0_.description as descript3_6_1_ from visits visits0_ where visits0_.pet_id=? order by visits0_.visit_date asc
Hibernate: select pettype0_.id as id1_3_, pettype0_.name as name2_3_ from types pettype0_ order by pettype0_.name
Hibernate: insert into pets (id, name, birth_date, type_id) values (default, ?, ?, ?)
Hibernate: update pets set owner_id=? where id=?
Hibernate: select owner0_.id as id1_0_0_, pets1_.id as id1_1_1_, owner0_.first_name as first_na2_0_0_, owner0_.last_name as last_nam3_0_0_, owner0_.address as address4_0_0_, owner0_.city as city5_0_0_, owner0_.telephone as telephon6_0_0_, pets1_.name as name2_1_1_, pets1_.birth_date as birth_da3_1_1_, pets1_.type_id as type_id4_1_1_, pets1_.owner_id as owner_id5_1_0__, pets1_.id as id1_1_0__ from owners owner0_ left outer join pets pets1_ on owner0_.id=pets1_.owner_id where owner0_.id=? order by pets1_.name
2023-05-17 12:24:25.976  INFO 19892 --- [    Test worker] o.s.t.c.transaction.TransactionContext   : Rolled back transaction for test: [DefaultTestContext@49924fc6 testClass = ClinicServiceTests, testInstance = org.springframework.samples.petclinic.service.ClinicServiceTests@c9f9fe3, testMethod = shouldInsertPetIntoDatabaseAndGenerateId@ClinicServiceTests, testException = [null], mergedContextConfiguration = [MergedContextConfiguration@22e94cf2 testClass = ClinicServiceTests, locations = '{}', classes = '{class org.springframework.samples.petclinic.PetClinicApplication}', contextInitializerClasses = '[]', activeProfiles = '{}', propertySourceLocations = '{}', propertySourceProperties = '{org.springframework.boot.test.autoconfigure.orm.jpa.DataJpaTestContextBootstrapper=true}', contextCustomizers = set[org.springframework.boot.test.autoconfigure.OverrideAutoConfigurationContextCustomizerFactory$DisableAutoConfigurationContextCustomizer@25e01756, org.springframework.boot.test.autoconfigure.actuate.metrics.MetricsExportContextCustomizerFactory$DisableMetricExportContextCustomizer@4b45dcb8, org.springframework.boot.test.autoconfigure.filter.TypeExcludeFiltersContextCustomizer@80e17b70, org.springframework.boot.test.autoconfigure.properties.PropertyMappingContextCustomizer@8c50151e, org.springframework.boot.test.autoconfigure.web.servlet.WebDriverContextCustomizerFactory$Customizer@ebb6851, [ImportsContextCustomizer@56297b5f key = [org.springframework.boot.autoconfigure.cache.CacheAutoConfiguration, org.springframework.boot.autoconfigure.data.jpa.JpaRepositoriesAutoConfiguration, org.springframework.boot.autoconfigure.flyway.FlywayAutoConfiguration, org.springframework.boot.autoconfigure.jdbc.DataSourceAutoConfiguration, org.springframework.boot.autoconfigure.jdbc.DataSourceTransactionManagerAutoConfiguration, org.springframework.boot.autoconfigure.jdbc.JdbcTemplateAutoConfiguration, org.springframework.boot.autoconfigure.liquibase.LiquibaseAutoConfiguration, org.springframework.boot.autoconfigure.orm.jpa.HibernateJpaAutoConfiguration, org.springframework.boot.autoconfigure.sql.init.SqlInitializationAutoConfiguration, org.springframework.boot.autoconfigure.transaction.TransactionAutoConfiguration, org.springframework.boot.test.autoconfigure.jdbc.TestDatabaseAutoConfiguration, org.springframework.boot.test.autoconfigure.orm.jpa.TestEntityManagerAutoConfiguration]], org.springframework.boot.test.context.filter.ExcludeFilterContextCustomizer@6f152006, org.springframework.boot.test.json.DuplicateJsonObjectContextCustomizerFactory$DuplicateJsonObjectContextCustomizer@7cbc3762, org.springframework.boot.test.mock.mockito.MockitoContextCustomizer@0, org.springframework.boot.test.context.SpringBootTestArgs@1, org.springframework.boot.test.context.SpringBootTestWebEnvironment@0], contextLoader = 'org.springframework.boot.test.context.SpringBootContextLoader', parent = [null]], attributes = map['org.springframework.test.context.event.ApplicationEventsTestExecutionListener.recordApplicationEvents' -> false]]
2023-05-17 12:24:25.982  INFO 19892 --- [    Test worker] o.s.t.c.transaction.TransactionContext   : Began transaction (1) for test context [DefaultTestContext@49924fc6 testClass = ClinicServiceTests, testInstance = org.springframework.samples.petclinic.service.ClinicServiceTests@6a0096a8, testMethod = shouldInsertOwner@ClinicServiceTests, testException = [null], mergedContextConfiguration = [MergedContextConfiguration@22e94cf2 testClass = ClinicServiceTests, locations = '{}', classes = '{class org.springframework.samples.petclinic.PetClinicApplication}', contextInitializerClasses = '[]', activeProfiles = '{}', propertySourceLocations = '{}', propertySourceProperties = '{org.springframework.boot.test.autoconfigure.orm.jpa.DataJpaTestContextBootstrapper=true}', contextCustomizers = set[org.springframework.boot.test.autoconfigure.OverrideAutoConfigurationContextCustomizerFactory$DisableAutoConfigurationContextCustomizer@25e01756, org.springframework.boot.test.autoconfigure.actuate.metrics.MetricsExportContextCustomizerFactory$DisableMetricExportContextCustomizer@4b45dcb8, org.springframework.boot.test.autoconfigure.filter.TypeExcludeFiltersContextCustomizer@80e17b70, org.springframework.boot.test.autoconfigure.properties.PropertyMappingContextCustomizer@8c50151e, org.springframework.boot.test.autoconfigure.web.servlet.WebDriverContextCustomizerFactory$Customizer@ebb6851, [ImportsContextCustomizer@56297b5f key = [org.springframework.boot.autoconfigure.cache.CacheAutoConfiguration, org.springframework.boot.autoconfigure.data.jpa.JpaRepositoriesAutoConfiguration, org.springframework.boot.autoconfigure.flyway.FlywayAutoConfiguration, org.springframework.boot.autoconfigure.jdbc.DataSourceAutoConfiguration, org.springframework.boot.autoconfigure.jdbc.DataSourceTransactionManagerAutoConfiguration, org.springframework.boot.autoconfigure.jdbc.JdbcTemplateAutoConfiguration, org.springframework.boot.autoconfigure.liquibase.LiquibaseAutoConfiguration, org.springframework.boot.autoconfigure.orm.jpa.HibernateJpaAutoConfiguration, org.springframework.boot.autoconfigure.sql.init.SqlInitializationAutoConfiguration, org.springframework.boot.autoconfigure.transaction.TransactionAutoConfiguration, org.springframework.boot.test.autoconfigure.jdbc.TestDatabaseAutoConfiguration, org.springframework.boot.test.autoconfigure.orm.jpa.TestEntityManagerAutoConfiguration]], org.springframework.boot.test.context.filter.ExcludeFilterContextCustomizer@6f152006, org.springframework.boot.test.json.DuplicateJsonObjectContextCustomizerFactory$DuplicateJsonObjectContextCustomizer@7cbc3762, org.springframework.boot.test.mock.mockito.MockitoContextCustomizer@0, org.springframework.boot.test.context.SpringBootTestArgs@1, org.springframework.boot.test.context.SpringBootTestWebEnvironment@0], contextLoader = 'org.springframework.boot.test.context.SpringBootContextLoader', parent = [null]], attributes = map['org.springframework.test.context.event.ApplicationEventsTestExecutionListener.recordApplicationEvents' -> false]]; transaction manager [org.springframework.orm.jpa.JpaTransactionManager@3415ecfe]; rollback [true]
Hibernate: select distinct owner0_.id as id1_0_, owner0_.first_name as first_na2_0_, owner0_.last_name as last_nam3_0_, owner0_.address as address4_0_, owner0_.city as city5_0_, owner0_.telephone as telephon6_0_ from owners owner0_ left outer join pets pets1_ on owner0_.id=pets1_.owner_id where owner0_.last_name like ?
Hibernate: insert into owners (id, first_name, last_name, address, city, telephone) values (default, ?, ?, ?, ?, ?)
Hibernate: select distinct owner0_.id as id1_0_, owner0_.first_name as first_na2_0_, owner0_.last_name as last_nam3_0_, owner0_.address as address4_0_, owner0_.city as city5_0_, owner0_.telephone as telephon6_0_ from owners owner0_ left outer join pets pets1_ on owner0_.id=pets1_.owner_id where owner0_.last_name like ?
2023-05-17 12:24:25.998  INFO 19892 --- [    Test worker] o.s.t.c.transaction.TransactionContext   : Rolled back transaction for test: [DefaultTestContext@49924fc6 testClass = ClinicServiceTests, testInstance = org.springframework.samples.petclinic.service.ClinicServiceTests@6a0096a8, testMethod = shouldInsertOwner@ClinicServiceTests, testException = [null], mergedContextConfiguration = [MergedContextConfiguration@22e94cf2 testClass = ClinicServiceTests, locations = '{}', classes = '{class org.springframework.samples.petclinic.PetClinicApplication}', contextInitializerClasses = '[]', activeProfiles = '{}', propertySourceLocations = '{}', propertySourceProperties = '{org.springframework.boot.test.autoconfigure.orm.jpa.DataJpaTestContextBootstrapper=true}', contextCustomizers = set[org.springframework.boot.test.autoconfigure.OverrideAutoConfigurationContextCustomizerFactory$DisableAutoConfigurationContextCustomizer@25e01756, org.springframework.boot.test.autoconfigure.actuate.metrics.MetricsExportContextCustomizerFactory$DisableMetricExportContextCustomizer@4b45dcb8, org.springframework.boot.test.autoconfigure.filter.TypeExcludeFiltersContextCustomizer@80e17b70, org.springframework.boot.test.autoconfigure.properties.PropertyMappingContextCustomizer@8c50151e, org.springframework.boot.test.autoconfigure.web.servlet.WebDriverContextCustomizerFactory$Customizer@ebb6851, [ImportsContextCustomizer@56297b5f key = [org.springframework.boot.autoconfigure.cache.CacheAutoConfiguration, org.springframework.boot.autoconfigure.data.jpa.JpaRepositoriesAutoConfiguration, org.springframework.boot.autoconfigure.flyway.FlywayAutoConfiguration, org.springframework.boot.autoconfigure.jdbc.DataSourceAutoConfiguration, org.springframework.boot.autoconfigure.jdbc.DataSourceTransactionManagerAutoConfiguration, org.springframework.boot.autoconfigure.jdbc.JdbcTemplateAutoConfiguration, org.springframework.boot.autoconfigure.liquibase.LiquibaseAutoConfiguration, org.springframework.boot.autoconfigure.orm.jpa.HibernateJpaAutoConfiguration, org.springframework.boot.autoconfigure.sql.init.SqlInitializationAutoConfiguration, org.springframework.boot.autoconfigure.transaction.TransactionAutoConfiguration, org.springframework.boot.test.autoconfigure.jdbc.TestDatabaseAutoConfiguration, org.springframework.boot.test.autoconfigure.orm.jpa.TestEntityManagerAutoConfiguration]], org.springframework.boot.test.context.filter.ExcludeFilterContextCustomizer@6f152006, org.springframework.boot.test.json.DuplicateJsonObjectContextCustomizerFactory$DuplicateJsonObjectContextCustomizer@7cbc3762, org.springframework.boot.test.mock.mockito.MockitoContextCustomizer@0, org.springframework.boot.test.context.SpringBootTestArgs@1, org.springframework.boot.test.context.SpringBootTestWebEnvironment@0], contextLoader = 'org.springframework.boot.test.context.SpringBootContextLoader', parent = [null]], attributes = map['org.springframework.test.context.event.ApplicationEventsTestExecutionListener.recordApplicationEvents' -> false]]
2023-05-17 12:24:26.003  INFO 19892 --- [    Test worker] o.s.t.c.transaction.TransactionContext   : Began transaction (1) for test context [DefaultTestContext@49924fc6 testClass = ClinicServiceTests, testInstance = org.springframework.samples.petclinic.service.ClinicServiceTests@1020407c, testMethod = shouldFindSingleOwnerWithPet@ClinicServiceTests, testException = [null], mergedContextConfiguration = [MergedContextConfiguration@22e94cf2 testClass = ClinicServiceTests, locations = '{}', classes = '{class org.springframework.samples.petclinic.PetClinicApplication}', contextInitializerClasses = '[]', activeProfiles = '{}', propertySourceLocations = '{}', propertySourceProperties = '{org.springframework.boot.test.autoconfigure.orm.jpa.DataJpaTestContextBootstrapper=true}', contextCustomizers = set[org.springframework.boot.test.autoconfigure.OverrideAutoConfigurationContextCustomizerFactory$DisableAutoConfigurationContextCustomizer@25e01756, org.springframework.boot.test.autoconfigure.actuate.metrics.MetricsExportContextCustomizerFactory$DisableMetricExportContextCustomizer@4b45dcb8, org.springframework.boot.test.autoconfigure.filter.TypeExcludeFiltersContextCustomizer@80e17b70, org.springframework.boot.test.autoconfigure.properties.PropertyMappingContextCustomizer@8c50151e, org.springframework.boot.test.autoconfigure.web.servlet.WebDriverContextCustomizerFactory$Customizer@ebb6851, [ImportsContextCustomizer@56297b5f key = [org.springframework.boot.autoconfigure.cache.CacheAutoConfiguration, org.springframework.boot.autoconfigure.data.jpa.JpaRepositoriesAutoConfiguration, org.springframework.boot.autoconfigure.flyway.FlywayAutoConfiguration, org.springframework.boot.autoconfigure.jdbc.DataSourceAutoConfiguration, org.springframework.boot.autoconfigure.jdbc.DataSourceTransactionManagerAutoConfiguration, org.springframework.boot.autoconfigure.jdbc.JdbcTemplateAutoConfiguration, org.springframework.boot.autoconfigure.liquibase.LiquibaseAutoConfiguration, org.springframework.boot.autoconfigure.orm.jpa.HibernateJpaAutoConfiguration, org.springframework.boot.autoconfigure.sql.init.SqlInitializationAutoConfiguration, org.springframework.boot.autoconfigure.transaction.TransactionAutoConfiguration, org.springframework.boot.test.autoconfigure.jdbc.TestDatabaseAutoConfiguration, org.springframework.boot.test.autoconfigure.orm.jpa.TestEntityManagerAutoConfiguration]], org.springframework.boot.test.context.filter.ExcludeFilterContextCustomizer@6f152006, org.springframework.boot.test.json.DuplicateJsonObjectContextCustomizerFactory$DuplicateJsonObjectContextCustomizer@7cbc3762, org.springframework.boot.test.mock.mockito.MockitoContextCustomizer@0, org.springframework.boot.test.context.SpringBootTestArgs@1, org.springframework.boot.test.context.SpringBootTestWebEnvironment@0], contextLoader = 'org.springframework.boot.test.context.SpringBootContextLoader', parent = [null]], attributes = map['org.springframework.test.context.event.ApplicationEventsTestExecutionListener.recordApplicationEvents' -> false]]; transaction manager [org.springframework.orm.jpa.JpaTransactionManager@3415ecfe]; rollback [true]
Hibernate: select owner0_.id as id1_0_0_, pets1_.id as id1_1_1_, owner0_.first_name as first_na2_0_0_, owner0_.last_name as last_nam3_0_0_, owner0_.address as address4_0_0_, owner0_.city as city5_0_0_, owner0_.telephone as telephon6_0_0_, pets1_.name as name2_1_1_, pets1_.birth_date as birth_da3_1_1_, pets1_.type_id as type_id4_1_1_, pets1_.owner_id as owner_id5_1_0__, pets1_.id as id1_1_0__ from owners owner0_ left outer join pets pets1_ on owner0_.id=pets1_.owner_id where owner0_.id=? order by pets1_.name
Hibernate: select pettype0_.id as id1_3_0_, pettype0_.name as name2_3_0_ from types pettype0_ where pettype0_.id=?
Hibernate: select visits0_.pet_id as pet_id4_6_0_, visits0_.id as id1_6_0_, visits0_.id as id1_6_1_, visits0_.visit_date as visit_da2_6_1_, visits0_.description as descript3_6_1_ from visits visits0_ where visits0_.pet_id=? order by visits0_.visit_date asc
2023-05-17 12:24:26.016  INFO 19892 --- [    Test worker] o.s.t.c.transaction.TransactionContext   : Rolled back transaction for test: [DefaultTestContext@49924fc6 testClass = ClinicServiceTests, testInstance = org.springframework.samples.petclinic.service.ClinicServiceTests@1020407c, testMethod = shouldFindSingleOwnerWithPet@ClinicServiceTests, testException = [null], mergedContextConfiguration = [MergedContextConfiguration@22e94cf2 testClass = ClinicServiceTests, locations = '{}', classes = '{class org.springframework.samples.petclinic.PetClinicApplication}', contextInitializerClasses = '[]', activeProfiles = '{}', propertySourceLocations = '{}', propertySourceProperties = '{org.springframework.boot.test.autoconfigure.orm.jpa.DataJpaTestContextBootstrapper=true}', contextCustomizers = set[org.springframework.boot.test.autoconfigure.OverrideAutoConfigurationContextCustomizerFactory$DisableAutoConfigurationContextCustomizer@25e01756, org.springframework.boot.test.autoconfigure.actuate.metrics.MetricsExportContextCustomizerFactory$DisableMetricExportContextCustomizer@4b45dcb8, org.springframework.boot.test.autoconfigure.filter.TypeExcludeFiltersContextCustomizer@80e17b70, org.springframework.boot.test.autoconfigure.properties.PropertyMappingContextCustomizer@8c50151e, org.springframework.boot.test.autoconfigure.web.servlet.WebDriverContextCustomizerFactory$Customizer@ebb6851, [ImportsContextCustomizer@56297b5f key = [org.springframework.boot.autoconfigure.cache.CacheAutoConfiguration, org.springframework.boot.autoconfigure.data.jpa.JpaRepositoriesAutoConfiguration, org.springframework.boot.autoconfigure.flyway.FlywayAutoConfiguration, org.springframework.boot.autoconfigure.jdbc.DataSourceAutoConfiguration, org.springframework.boot.autoconfigure.jdbc.DataSourceTransactionManagerAutoConfiguration, org.springframework.boot.autoconfigure.jdbc.JdbcTemplateAutoConfiguration, org.springframework.boot.autoconfigure.liquibase.LiquibaseAutoConfiguration, org.springframework.boot.autoconfigure.orm.jpa.HibernateJpaAutoConfiguration, org.springframework.boot.autoconfigure.sql.init.SqlInitializationAutoConfiguration, org.springframework.boot.autoconfigure.transaction.TransactionAutoConfiguration, org.springframework.boot.test.autoconfigure.jdbc.TestDatabaseAutoConfiguration, org.springframework.boot.test.autoconfigure.orm.jpa.TestEntityManagerAutoConfiguration]], org.springframework.boot.test.context.filter.ExcludeFilterContextCustomizer@6f152006, org.springframework.boot.test.json.DuplicateJsonObjectContextCustomizerFactory$DuplicateJsonObjectContextCustomizer@7cbc3762, org.springframework.boot.test.mock.mockito.MockitoContextCustomizer@0, org.springframework.boot.test.context.SpringBootTestArgs@1, org.springframework.boot.test.context.SpringBootTestWebEnvironment@0], contextLoader = 'org.springframework.boot.test.context.SpringBootContextLoader', parent = [null]], attributes = map['org.springframework.test.context.event.ApplicationEventsTestExecutionListener.recordApplicationEvents' -> false]]
2023-05-17 12:24:26.020  INFO 19892 --- [    Test worker] o.s.t.c.transaction.TransactionContext   : Began transaction (1) for test context [DefaultTestContext@49924fc6 testClass = ClinicServiceTests, testInstance = org.springframework.samples.petclinic.service.ClinicServiceTests@ec50502, testMethod = shouldUpdatePetName@ClinicServiceTests, testException = [null], mergedContextConfiguration = [MergedContextConfiguration@22e94cf2 testClass = ClinicServiceTests, locations = '{}', classes = '{class org.springframework.samples.petclinic.PetClinicApplication}', contextInitializerClasses = '[]', activeProfiles = '{}', propertySourceLocations = '{}', propertySourceProperties = '{org.springframework.boot.test.autoconfigure.orm.jpa.DataJpaTestContextBootstrapper=true}', contextCustomizers = set[org.springframework.boot.test.autoconfigure.OverrideAutoConfigurationContextCustomizerFactory$DisableAutoConfigurationContextCustomizer@25e01756, org.springframework.boot.test.autoconfigure.actuate.metrics.MetricsExportContextCustomizerFactory$DisableMetricExportContextCustomizer@4b45dcb8, org.springframework.boot.test.autoconfigure.filter.TypeExcludeFiltersContextCustomizer@80e17b70, org.springframework.boot.test.autoconfigure.properties.PropertyMappingContextCustomizer@8c50151e, org.springframework.boot.test.autoconfigure.web.servlet.WebDriverContextCustomizerFactory$Customizer@ebb6851, [ImportsContextCustomizer@56297b5f key = [org.springframework.boot.autoconfigure.cache.CacheAutoConfiguration, org.springframework.boot.autoconfigure.data.jpa.JpaRepositoriesAutoConfiguration, org.springframework.boot.autoconfigure.flyway.FlywayAutoConfiguration, org.springframework.boot.autoconfigure.jdbc.DataSourceAutoConfiguration, org.springframework.boot.autoconfigure.jdbc.DataSourceTransactionManagerAutoConfiguration, org.springframework.boot.autoconfigure.jdbc.JdbcTemplateAutoConfiguration, org.springframework.boot.autoconfigure.liquibase.LiquibaseAutoConfiguration, org.springframework.boot.autoconfigure.orm.jpa.HibernateJpaAutoConfiguration, org.springframework.boot.autoconfigure.sql.init.SqlInitializationAutoConfiguration, org.springframework.boot.autoconfigure.transaction.TransactionAutoConfiguration, org.springframework.boot.test.autoconfigure.jdbc.TestDatabaseAutoConfiguration, org.springframework.boot.test.autoconfigure.orm.jpa.TestEntityManagerAutoConfiguration]], org.springframework.boot.test.context.filter.ExcludeFilterContextCustomizer@6f152006, org.springframework.boot.test.json.DuplicateJsonObjectContextCustomizerFactory$DuplicateJsonObjectContextCustomizer@7cbc3762, org.springframework.boot.test.mock.mockito.MockitoContextCustomizer@0, org.springframework.boot.test.context.SpringBootTestArgs@1, org.springframework.boot.test.context.SpringBootTestWebEnvironment@0], contextLoader = 'org.springframework.boot.test.context.SpringBootContextLoader', parent = [null]], attributes = map['org.springframework.test.context.event.ApplicationEventsTestExecutionListener.recordApplicationEvents' -> false]]; transaction manager [org.springframework.orm.jpa.JpaTransactionManager@3415ecfe]; rollback [true]
Hibernate: select owner0_.id as id1_0_0_, pets1_.id as id1_1_1_, owner0_.first_name as first_na2_0_0_, owner0_.last_name as last_nam3_0_0_, owner0_.address as address4_0_0_, owner0_.city as city5_0_0_, owner0_.telephone as telephon6_0_0_, pets1_.name as name2_1_1_, pets1_.birth_date as birth_da3_1_1_, pets1_.type_id as type_id4_1_1_, pets1_.owner_id as owner_id5_1_0__, pets1_.id as id1_1_0__ from owners owner0_ left outer join pets pets1_ on owner0_.id=pets1_.owner_id where owner0_.id=? order by pets1_.name
Hibernate: select pettype0_.id as id1_3_0_, pettype0_.name as name2_3_0_ from types pettype0_ where pettype0_.id=?
Hibernate: select visits0_.pet_id as pet_id4_6_0_, visits0_.id as id1_6_0_, visits0_.id as id1_6_1_, visits0_.visit_date as visit_da2_6_1_, visits0_.description as descript3_6_1_ from visits visits0_ where visits0_.pet_id=? order by visits0_.visit_date asc
Hibernate: select visits0_.pet_id as pet_id4_6_0_, visits0_.id as id1_6_0_, visits0_.id as id1_6_1_, visits0_.visit_date as visit_da2_6_1_, visits0_.description as descript3_6_1_ from visits visits0_ where visits0_.pet_id=? order by visits0_.visit_date asc
Hibernate: update pets set name=?, birth_date=?, type_id=? where id=?
Hibernate: select owner0_.id as id1_0_0_, pets1_.id as id1_1_1_, owner0_.first_name as first_na2_0_0_, owner0_.last_name as last_nam3_0_0_, owner0_.address as address4_0_0_, owner0_.city as city5_0_0_, owner0_.telephone as telephon6_0_0_, pets1_.name as name2_1_1_, pets1_.birth_date as birth_da3_1_1_, pets1_.type_id as type_id4_1_1_, pets1_.owner_id as owner_id5_1_0__, pets1_.id as id1_1_0__ from owners owner0_ left outer join pets pets1_ on owner0_.id=pets1_.owner_id where owner0_.id=? order by pets1_.name
2023-05-17 12:24:26.038  INFO 19892 --- [    Test worker] o.s.t.c.transaction.TransactionContext   : Rolled back transaction for test: [DefaultTestContext@49924fc6 testClass = ClinicServiceTests, testInstance = org.springframework.samples.petclinic.service.ClinicServiceTests@ec50502, testMethod = shouldUpdatePetName@ClinicServiceTests, testException = [null], mergedContextConfiguration = [MergedContextConfiguration@22e94cf2 testClass = ClinicServiceTests, locations = '{}', classes = '{class org.springframework.samples.petclinic.PetClinicApplication}', contextInitializerClasses = '[]', activeProfiles = '{}', propertySourceLocations = '{}', propertySourceProperties = '{org.springframework.boot.test.autoconfigure.orm.jpa.DataJpaTestContextBootstrapper=true}', contextCustomizers = set[org.springframework.boot.test.autoconfigure.OverrideAutoConfigurationContextCustomizerFactory$DisableAutoConfigurationContextCustomizer@25e01756, org.springframework.boot.test.autoconfigure.actuate.metrics.MetricsExportContextCustomizerFactory$DisableMetricExportContextCustomizer@4b45dcb8, org.springframework.boot.test.autoconfigure.filter.TypeExcludeFiltersContextCustomizer@80e17b70, org.springframework.boot.test.autoconfigure.properties.PropertyMappingContextCustomizer@8c50151e, org.springframework.boot.test.autoconfigure.web.servlet.WebDriverContextCustomizerFactory$Customizer@ebb6851, [ImportsContextCustomizer@56297b5f key = [org.springframework.boot.autoconfigure.cache.CacheAutoConfiguration, org.springframework.boot.autoconfigure.data.jpa.JpaRepositoriesAutoConfiguration, org.springframework.boot.autoconfigure.flyway.FlywayAutoConfiguration, org.springframework.boot.autoconfigure.jdbc.DataSourceAutoConfiguration, org.springframework.boot.autoconfigure.jdbc.DataSourceTransactionManagerAutoConfiguration, org.springframework.boot.autoconfigure.jdbc.JdbcTemplateAutoConfiguration, org.springframework.boot.autoconfigure.liquibase.LiquibaseAutoConfiguration, org.springframework.boot.autoconfigure.orm.jpa.HibernateJpaAutoConfiguration, org.springframework.boot.autoconfigure.sql.init.SqlInitializationAutoConfiguration, org.springframework.boot.autoconfigure.transaction.TransactionAutoConfiguration, org.springframework.boot.test.autoconfigure.jdbc.TestDatabaseAutoConfiguration, org.springframework.boot.test.autoconfigure.orm.jpa.TestEntityManagerAutoConfiguration]], org.springframework.boot.test.context.filter.ExcludeFilterContextCustomizer@6f152006, org.springframework.boot.test.json.DuplicateJsonObjectContextCustomizerFactory$DuplicateJsonObjectContextCustomizer@7cbc3762, org.springframework.boot.test.mock.mockito.MockitoContextCustomizer@0, org.springframework.boot.test.context.SpringBootTestArgs@1, org.springframework.boot.test.context.SpringBootTestWebEnvironment@0], contextLoader = 'org.springframework.boot.test.context.SpringBootContextLoader', parent = [null]], attributes = map['org.springframework.test.context.event.ApplicationEventsTestExecutionListener.recordApplicationEvents' -> false]]
2023-05-17 12:24:26.042  INFO 19892 --- [    Test worker] o.s.t.c.transaction.TransactionContext   : Began transaction (1) for test context [DefaultTestContext@49924fc6 testClass = ClinicServiceTests, testInstance = org.springframework.samples.petclinic.service.ClinicServiceTests@68a1d32f, testMethod = shouldFindAllPetTypes@ClinicServiceTests, testException = [null], mergedContextConfiguration = [MergedContextConfiguration@22e94cf2 testClass = ClinicServiceTests, locations = '{}', classes = '{class org.springframework.samples.petclinic.PetClinicApplication}', contextInitializerClasses = '[]', activeProfiles = '{}', propertySourceLocations = '{}', propertySourceProperties = '{org.springframework.boot.test.autoconfigure.orm.jpa.DataJpaTestContextBootstrapper=true}', contextCustomizers = set[org.springframework.boot.test.autoconfigure.OverrideAutoConfigurationContextCustomizerFactory$DisableAutoConfigurationContextCustomizer@25e01756, org.springframework.boot.test.autoconfigure.actuate.metrics.MetricsExportContextCustomizerFactory$DisableMetricExportContextCustomizer@4b45dcb8, org.springframework.boot.test.autoconfigure.filter.TypeExcludeFiltersContextCustomizer@80e17b70, org.springframework.boot.test.autoconfigure.properties.PropertyMappingContextCustomizer@8c50151e, org.springframework.boot.test.autoconfigure.web.servlet.WebDriverContextCustomizerFactory$Customizer@ebb6851, [ImportsContextCustomizer@56297b5f key = [org.springframework.boot.autoconfigure.cache.CacheAutoConfiguration, org.springframework.boot.autoconfigure.data.jpa.JpaRepositoriesAutoConfiguration, org.springframework.boot.autoconfigure.flyway.FlywayAutoConfiguration, org.springframework.boot.autoconfigure.jdbc.DataSourceAutoConfiguration, org.springframework.boot.autoconfigure.jdbc.DataSourceTransactionManagerAutoConfiguration, org.springframework.boot.autoconfigure.jdbc.JdbcTemplateAutoConfiguration, org.springframework.boot.autoconfigure.liquibase.LiquibaseAutoConfiguration, org.springframework.boot.autoconfigure.orm.jpa.HibernateJpaAutoConfiguration, org.springframework.boot.autoconfigure.sql.init.SqlInitializationAutoConfiguration, org.springframework.boot.autoconfigure.transaction.TransactionAutoConfiguration, org.springframework.boot.test.autoconfigure.jdbc.TestDatabaseAutoConfiguration, org.springframework.boot.test.autoconfigure.orm.jpa.TestEntityManagerAutoConfiguration]], org.springframework.boot.test.context.filter.ExcludeFilterContextCustomizer@6f152006, org.springframework.boot.test.json.DuplicateJsonObjectContextCustomizerFactory$DuplicateJsonObjectContextCustomizer@7cbc3762, org.springframework.boot.test.mock.mockito.MockitoContextCustomizer@0, org.springframework.boot.test.context.SpringBootTestArgs@1, org.springframework.boot.test.context.SpringBootTestWebEnvironment@0], contextLoader = 'org.springframework.boot.test.context.SpringBootContextLoader', parent = [null]], attributes = map['org.springframework.test.context.event.ApplicationEventsTestExecutionListener.recordApplicationEvents' -> false]]; transaction manager [org.springframework.orm.jpa.JpaTransactionManager@3415ecfe]; rollback [true]
Hibernate: select pettype0_.id as id1_3_, pettype0_.name as name2_3_ from types pettype0_ order by pettype0_.name
2023-05-17 12:24:26.051  INFO 19892 --- [    Test worker] o.s.t.c.transaction.TransactionContext   : Rolled back transaction for test: [DefaultTestContext@49924fc6 testClass = ClinicServiceTests, testInstance = org.springframework.samples.petclinic.service.ClinicServiceTests@68a1d32f, testMethod = shouldFindAllPetTypes@ClinicServiceTests, testException = [null], mergedContextConfiguration = [MergedContextConfiguration@22e94cf2 testClass = ClinicServiceTests, locations = '{}', classes = '{class org.springframework.samples.petclinic.PetClinicApplication}', contextInitializerClasses = '[]', activeProfiles = '{}', propertySourceLocations = '{}', propertySourceProperties = '{org.springframework.boot.test.autoconfigure.orm.jpa.DataJpaTestContextBootstrapper=true}', contextCustomizers = set[org.springframework.boot.test.autoconfigure.OverrideAutoConfigurationContextCustomizerFactory$DisableAutoConfigurationContextCustomizer@25e01756, org.springframework.boot.test.autoconfigure.actuate.metrics.MetricsExportContextCustomizerFactory$DisableMetricExportContextCustomizer@4b45dcb8, org.springframework.boot.test.autoconfigure.filter.TypeExcludeFiltersContextCustomizer@80e17b70, org.springframework.boot.test.autoconfigure.properties.PropertyMappingContextCustomizer@8c50151e, org.springframework.boot.test.autoconfigure.web.servlet.WebDriverContextCustomizerFactory$Customizer@ebb6851, [ImportsContextCustomizer@56297b5f key = [org.springframework.boot.autoconfigure.cache.CacheAutoConfiguration, org.springframework.boot.autoconfigure.data.jpa.JpaRepositoriesAutoConfiguration, org.springframework.boot.autoconfigure.flyway.FlywayAutoConfiguration, org.springframework.boot.autoconfigure.jdbc.DataSourceAutoConfiguration, org.springframework.boot.autoconfigure.jdbc.DataSourceTransactionManagerAutoConfiguration, org.springframework.boot.autoconfigure.jdbc.JdbcTemplateAutoConfiguration, org.springframework.boot.autoconfigure.liquibase.LiquibaseAutoConfiguration, org.springframework.boot.autoconfigure.orm.jpa.HibernateJpaAutoConfiguration, org.springframework.boot.autoconfigure.sql.init.SqlInitializationAutoConfiguration, org.springframework.boot.autoconfigure.transaction.TransactionAutoConfiguration, org.springframework.boot.test.autoconfigure.jdbc.TestDatabaseAutoConfiguration, org.springframework.boot.test.autoconfigure.orm.jpa.TestEntityManagerAutoConfiguration]], org.springframework.boot.test.context.filter.ExcludeFilterContextCustomizer@6f152006, org.springframework.boot.test.json.DuplicateJsonObjectContextCustomizerFactory$DuplicateJsonObjectContextCustomizer@7cbc3762, org.springframework.boot.test.mock.mockito.MockitoContextCustomizer@0, org.springframework.boot.test.context.SpringBootTestArgs@1, org.springframework.boot.test.context.SpringBootTestWebEnvironment@0], contextLoader = 'org.springframework.boot.test.context.SpringBootContextLoader', parent = [null]], attributes = map['org.springframework.test.context.event.ApplicationEventsTestExecutionListener.recordApplicationEvents' -> false]]
]]></system-out>
  <system-err><![CDATA[]]></system-err>
</testsuite>
