<?xml version="1.0" encoding="UTF-8"?>
<testsuite name="org.springframework.samples.petclinic.owner.VisitControllerTests" tests="3" skipped="0" failures="0" errors="0" timestamp="2023-05-17T16:24:24" hostname="DESKTOP-3O83C13" time="0.227">
  <properties/>
  <testcase name="testProcessNewVisitFormHasErrors()" classname="org.springframework.samples.petclinic.owner.VisitControllerTests" time="0.173"/>
  <testcase name="testProcessNewVisitFormSuccess()" classname="org.springframework.samples.petclinic.owner.VisitControllerTests" time="0.017"/>
  <testcase name="testInitNewVisitForm()" classname="org.springframework.samples.petclinic.owner.VisitControllerTests" time="0.031"/>
  <system-out><![CDATA[2023-05-17 12:24:22.144  INFO 19892 --- [    Test worker] .b.t.a.w.s.WebMvcTestContextBootstrapper : Neither @ContextConfiguration nor @ContextHierarchy found for test class [org.springframework.samples.petclinic.owner.VisitControllerTests], using SpringBootContextLoader
2023-05-17 12:24:22.145  INFO 19892 --- [    Test worker] o.s.t.c.support.AbstractContextLoader    : Could not detect default resource locations for test class [org.springframework.samples.petclinic.owner.VisitControllerTests]: no resource found for suffixes {-context.xml, Context.groovy}.
2023-05-17 12:24:22.146  INFO 19892 --- [    Test worker] t.c.s.AnnotationConfigContextLoaderUtils : Could not detect default configuration classes for test class [org.springframework.samples.petclinic.owner.VisitControllerTests]: VisitControllerTests does not declare any static, non-private, non-final, nested classes annotated with @Configuration.
2023-05-17 12:24:22.151  INFO 19892 --- [    Test worker] .b.t.c.SpringBootTestContextBootstrapper : Found @SpringBootConfiguration org.springframework.samples.petclinic.PetClinicApplication for test class org.springframework.samples.petclinic.owner.VisitControllerTests
2023-05-17 12:24:22.153  INFO 19892 --- [    Test worker] .b.t.a.w.s.WebMvcTestContextBootstrapper : Loaded default TestExecutionListener class names from location [META-INF/spring.factories]: [org.springframework.boot.test.autoconfigure.restdocs.RestDocsTestExecutionListener, org.springframework.boot.test.autoconfigure.web.client.MockRestServiceServerResetTestExecutionListener, org.springframework.boot.test.autoconfigure.web.servlet.MockMvcPrintOnlyOnFailureTestExecutionListener, org.springframework.boot.test.autoconfigure.web.servlet.WebDriverTestExecutionListener, org.springframework.boot.test.autoconfigure.webservices.client.MockWebServiceServerTestExecutionListener, org.springframework.boot.test.mock.mockito.MockitoTestExecutionListener, org.springframework.boot.test.mock.mockito.ResetMocksTestExecutionListener, org.springframework.test.context.web.ServletTestExecutionListener, org.springframework.test.context.support.DirtiesContextBeforeModesTestExecutionListener, org.springframework.test.context.event.ApplicationEventsTestExecutionListener, org.springframework.test.context.support.DependencyInjectionTestExecutionListener, org.springframework.test.context.support.DirtiesContextTestExecutionListener, org.springframework.test.context.transaction.TransactionalTestExecutionListener, org.springframework.test.context.jdbc.SqlScriptsTestExecutionListener, org.springframework.test.context.event.EventPublishingTestExecutionListener]
2023-05-17 12:24:22.154  INFO 19892 --- [    Test worker] .b.t.a.w.s.WebMvcTestContextBootstrapper : Using TestExecutionListeners: [org.springframework.test.context.web.ServletTestExecutionListener@65fc2639, org.springframework.test.context.support.DirtiesContextBeforeModesTestExecutionListener@2bae0ac8, org.springframework.test.context.event.ApplicationEventsTestExecutionListener@570f2cf7, org.springframework.boot.test.mock.mockito.MockitoTestExecutionListener@29478556, org.springframework.boot.test.autoconfigure.SpringBootDependencyInjectionTestExecutionListener@2d0ea3a9, org.springframework.test.context.support.DirtiesContextTestExecutionListener@76ad048a, org.springframework.test.context.transaction.TransactionalTestExecutionListener@586be63c, org.springframework.test.context.jdbc.SqlScriptsTestExecutionListener@4d13b552, org.springframework.test.context.event.EventPublishingTestExecutionListener@15d844b2, org.springframework.boot.test.autoconfigure.restdocs.RestDocsTestExecutionListener@bcf8bd7, org.springframework.boot.test.autoconfigure.web.client.MockRestServiceServerResetTestExecutionListener@c92d694, org.springframework.boot.test.autoconfigure.web.servlet.MockMvcPrintOnlyOnFailureTestExecutionListener@5cfb4b71, org.springframework.boot.test.autoconfigure.web.servlet.WebDriverTestExecutionListener@b517988, org.springframework.boot.test.autoconfigure.webservices.client.MockWebServiceServerTestExecutionListener@7cb7ca06, org.springframework.boot.test.mock.mockito.ResetMocksTestExecutionListener@660b8572]


              |\      _,,,--,,_
             /,`.-'`'   ._  \-;;,_
  _______ __|,4-  ) )_   .;.(__`'-'__     ___ __    _ ___ _______
 |       | '---''(_/._)-'(_\_)   |   |   |   |  |  | |   |       |
 |    _  |    ___|_     _|       |   |   |   |   |_| |   |       | __ _ _
 |   |_| |   |___  |   | |       |   |   |   |       |   |       | \ \ \ \
 |    ___|    ___| |   | |      _|   |___|   |  _    |   |      _|  \ \ \ \
 |   |   |   |___  |   | |     |_|       |   | | |   |   |     |_    ) ) ) )
 |___|   |_______| |___| |_______|_______|___|_|  |__|___|_______|  / / / /
 ==================================================================/_/_/_/

:: Built with Spring Boot :: 2.6.6


2023-05-17 12:24:22.235  INFO 19892 --- [    Test worker] o.s.s.p.owner.VisitControllerTests       : Starting VisitControllerTests using Java 20.0.1 on DESKTOP-3O83C13 with PID 19892 (started by JoelM in C:\Users\JoelM\Documents\programacion\AWS\DevOps Foundations\practica\springpet-clinic)
2023-05-17 12:24:22.236  INFO 19892 --- [    Test worker] o.s.s.p.owner.VisitControllerTests       : No active profile set, falling back to 1 default profile: "default"
2023-05-17 12:24:24.177  INFO 19892 --- [    Test worker] o.s.b.t.m.w.SpringBootMockServletContext : Initializing Spring TestDispatcherServlet ''
2023-05-17 12:24:24.178  INFO 19892 --- [    Test worker] o.s.t.web.servlet.TestDispatcherServlet  : Initializing Servlet ''
2023-05-17 12:24:24.179  INFO 19892 --- [    Test worker] o.s.t.web.servlet.TestDispatcherServlet  : Completed initialization in 1 ms
2023-05-17 12:24:24.225  INFO 19892 --- [    Test worker] o.s.s.p.owner.VisitControllerTests       : Started VisitControllerTests in 2.066 seconds (JVM running for 34.916)
]]></system-out>
  <system-err><![CDATA[]]></system-err>
</testsuite>
